Log file open, 10/26/23 01:27:06
LogWindows: Failed to load 'aqProf.dll' (GetLastError=126)
LogWindows: File 'aqProf.dll' does not exist
LogWindows: Failed to load 'VtuneApi.dll' (GetLastError=126)
LogWindows: File 'VtuneApi.dll' does not exist
LogWindows: Failed to load 'VtuneApi32e.dll' (GetLastError=126)
LogWindows: File 'VtuneApi32e.dll' does not exist
LogConsoleResponse: Display: Failed to find resolution value strings in scalability ini. Falling back to default.
LogConsoleResponse: Display: Failed to find resolution value strings in scalability ini. Falling back to default.
LogInit: Display: Running engine for game: Cookies
LogPlatformFile: Not using cached read wrapper
LogTaskGraph: Started task graph with 5 named threads and 23 total threads with 3 sets of task threads.
LogStats: Stats thread started at 0.290227
LogICUInternationalization: ICU TimeZone Detection - Raw Offset: -3:00, Platform Override: ''
LogInit: Display: Loading text-based GConfig....
LogPluginManager: Mounting plugin MeshPainting
LogPluginManager: Mounting plugin XGEController
LogPluginManager: Mounting plugin Paper2D
LogPluginManager: Mounting plugin EnvironmentQueryEditor
LogPluginManager: Mounting plugin LiveLink
LogPluginManager: Mounting plugin AISupport
LogPluginManager: Mounting plugin GameplayCameras
LogPluginManager: Mounting plugin CameraShakePreviewer
LogPluginManager: Mounting plugin OodleData
LogPluginManager: Mounting plugin LightPropagationVolume
LogPluginManager: Mounting plugin OodleNetwork
LogPluginManager: Mounting plugin DatasmithContent
LogPluginManager: Mounting plugin VariantManagerContent
LogPluginManager: Mounting plugin AnimationSharing
LogPluginManager: Mounting plugin CLionSourceCodeAccess
LogPluginManager: Mounting plugin GitSourceControl
LogPluginManager: Mounting plugin KDevelopSourceCodeAccess
LogPluginManager: Mounting plugin CodeLiteSourceCodeAccess
LogPluginManager: Mounting plugin NullSourceCodeAccess
LogPluginManager: Mounting plugin PlasticSourceControl
LogPluginManager: Mounting plugin PerforceSourceControl
LogPluginManager: Mounting plugin PropertyAccessNode
LogPluginManager: Mounting plugin PixWinPlugin
LogPluginManager: Mounting plugin RiderSourceCodeAccess
LogPluginManager: Mounting plugin SubversionSourceControl
LogPluginManager: Mounting plugin TextureFormatOodle
LogPluginManager: Mounting plugin PluginUtils
LogPluginManager: Mounting plugin UObjectPlugin
LogPluginManager: Mounting plugin VisualStudioCodeSourceCodeAccess
LogPluginManager: Mounting plugin VisualStudioSourceCodeAccess
LogPluginManager: Mounting plugin XCodeSourceCodeAccess
LogPluginManager: Mounting plugin Niagara
LogPluginManager: Mounting plugin LuminPlatformFeatures
LogPluginManager: Mounting plugin MagicLeap
LogPluginManager: Mounting plugin MagicLeapLightEstimation
LogPluginManager: Mounting plugin MagicLeapPassableWorld
LogPluginManager: Mounting plugin MLSDK
LogPluginManager: Mounting plugin AndroidMedia
LogPluginManager: Mounting plugin AvfMedia
LogPluginManager: Mounting plugin ImgMedia
LogPluginManager: Mounting plugin MediaCompositing
LogPluginManager: Mounting plugin MediaPlayerEditor
LogPluginManager: Mounting plugin WmfMedia
LogPluginManager: Mounting plugin WebMMedia
LogPluginManager: Mounting plugin TcpMessaging
LogPluginManager: Mounting plugin UdpMessaging
LogPluginManager: Mounting plugin LevelSequenceEditor
LogPluginManager: Mounting plugin ActorSequence
LogPluginManager: Mounting plugin MatineeToLevelSequence
LogPluginManager: Mounting plugin TemplateSequence
LogPluginManager: Mounting plugin MagicLeapMedia
LogPluginManager: Mounting plugin OnlineSubsystem
LogPluginManager: Mounting plugin OnlineSubsystemNull
LogPluginManager: Mounting plugin LauncherChunkInstaller
LogPluginManager: Mounting plugin ActorLayerUtilities
LogPluginManager: Mounting plugin AndroidDeviceProfileSelector
LogPluginManager: Mounting plugin AndroidMoviePlayer
LogPluginManager: Mounting plugin AndroidPermission
LogPluginManager: Mounting plugin AppleImageUtils
LogPluginManager: Mounting plugin AppleMoviePlayer
LogPluginManager: Mounting plugin AssetTags
LogPluginManager: Mounting plugin ArchVisCharacter
LogPluginManager: Mounting plugin AudioSynesthesia
LogPluginManager: Mounting plugin AudioCapture
LogPluginManager: Mounting plugin ChunkDownloader
LogPluginManager: Mounting plugin CustomMeshComponent
LogPluginManager: Mounting plugin EditableMesh
LogPluginManager: Mounting plugin ExampleDeviceProfileSelector
LogPluginManager: Mounting plugin GoogleCloudMessaging
LogPluginManager: Mounting plugin GooglePAD
LogPluginManager: Mounting plugin IOSDeviceProfileSelector
LogPluginManager: Mounting plugin LinuxDeviceProfileSelector
LogPluginManager: Mounting plugin OnlineSubsystemUtils
LogPluginManager: Mounting plugin LocationServicesBPLibrary
LogPluginManager: Mounting plugin MobilePatchingUtils
LogPluginManager: Mounting plugin OpenXR
LogPluginManager: Mounting plugin OpenXREyeTracker
LogPluginManager: Mounting plugin OpenXRHandTracking
LogPluginManager: Mounting plugin CableComponent
LogPluginManager: Mounting plugin PostSplashScreen
LogPluginManager: Mounting plugin PhysXVehicles
LogPluginManager: Mounting plugin PropertyAccessEditor
LogPluginManager: Mounting plugin RuntimePhysXCooking
LogPluginManager: Mounting plugin SignificanceManager
LogPluginManager: Mounting plugin SoundFields
LogPluginManager: Mounting plugin ProceduralMeshComponent
LogPluginManager: Mounting plugin Synthesis
LogPluginManager: Mounting plugin WebMMoviePlayer
LogPluginManager: Mounting plugin WindowsMoviePlayer
LogPluginManager: Mounting plugin ScreenshotTools
LogPluginManager: Mounting plugin Takes
LogPluginManager: Mounting plugin AlembicImporter
LogPluginManager: Mounting plugin AutomationUtils
LogPluginManager: Mounting plugin BackChannel
LogPluginManager: Mounting plugin ChaosClothEditor
LogPluginManager: Mounting plugin ChaosEditor
LogPluginManager: Mounting plugin ChaosNiagara
LogPluginManager: Mounting plugin AssetManagerEditor
LogPluginManager: Mounting plugin ChaosSolverPlugin
LogPluginManager: Mounting plugin CharacterAI
LogPluginManager: Mounting plugin ChaosCloth
LogPluginManager: Mounting plugin GeometryCache
LogPluginManager: Mounting plugin CryptoKeys
LogPluginManager: Mounting plugin CurveEditorTools
LogPluginManager: Mounting plugin GeometryCollectionPlugin
LogPluginManager: Mounting plugin FacialAnimation
LogPluginManager: Mounting plugin DataValidation
LogPluginManager: Mounting plugin GameplayTagsEditor
LogPluginManager: Mounting plugin GeometryMode
LogPluginManager: Mounting plugin MacGraphicsSwitching
LogPluginManager: Mounting plugin MaterialAnalyzer
LogPluginManager: Mounting plugin MobileLauncherProfileWizard
LogPluginManager: Mounting plugin PluginBrowser
LogPluginManager: Mounting plugin SpeedTreeImporter
LogPluginManager: Mounting plugin GeometryProcessing
LogPluginManager: Mounting plugin OpenImageDenoise
LogPluginManager: Mounting plugin MotoSynth
LogPluginManager: Mounting plugin PlanarCut
LogPluginManager: Mounting plugin PlatformCrypto
LogPluginManager: Mounting plugin ProxyLODPlugin
LogPluginManager: Mounting plugin PythonScriptPlugin
LogPluginManager: Mounting plugin SkeletalReduction
LogPluginManager: Mounting plugin OnlineSubsystemGooglePlay
LogPluginManager: Mounting plugin OnlineSubsystemIOS
LogPluginManager: Mounting plugin OculusVR
LogPluginManager: Mounting plugin SteamVR
LogPluginManager: Mounting plugin ContentBrowserAssetDataSource
LogPluginManager: Mounting plugin ContentBrowserClassDataSource
LogPluginManager: Mounting plugin ContentBrowserFileDataSource
PixWinPlugin: PIX capture plugin failed to initialize! Check that the process is launched from PIX.
LogInit: Using libcurl 7.55.1-DEV
LogInit:  - built for x86_64-pc-win32
LogInit:  - supports SSL with OpenSSL/1.1.1
LogInit:  - supports HTTP deflate (compression) using libz 1.2.8
LogInit:  - other features:
LogInit:      CURL_VERSION_SSL
LogInit:      CURL_VERSION_LIBZ
LogInit:      CURL_VERSION_IPV6
LogInit:      CURL_VERSION_ASYNCHDNS
LogInit:      CURL_VERSION_LARGEFILE
LogInit:      CURL_VERSION_IDN
LogInit:  CurlRequestOptions (configurable via config and command line):
LogInit:  - bVerifyPeer = true  - Libcurl will verify peer certificate
LogInit:  - bUseHttpProxy = false  - Libcurl will NOT use HTTP proxy
LogInit:  - bDontReuseConnections = false  - Libcurl will reuse connections
LogInit:  - MaxHostConnections = 16  - Libcurl will limit the number of connections to a host
LogInit:  - LocalHostAddr = Default
LogInit:  - BufferSize = 65536
LogOnline: OSS: Creating online subsystem instance for: NULL
LogInit: WinSock: version 1.1 (2.2), MaxSocks=32767, MaxUdp=65467
LogOnline: OSS: TryLoadSubsystemAndSetDefault: Loaded subsystem for module [NULL]
LogOculusPluginWrapper: OculusPlugin initialized successfully
LogHMD: Failed initializing OVRPlugin 1.59.0
LogInit: Build: ++UE4+Release-4.27-CL-18319896
LogInit: Engine Version: 4.27.2-18319896+++UE4+Release-4.27
LogInit: Compatible Engine Version: 4.27.0-17155196+++UE4+Release-4.27
LogInit: Net CL: 17155196
LogInit: OS: Windows 10 (Release 2009) (), CPU: AMD Ryzen 5 3400G with Radeon Vega Graphics    , GPU: NVIDIA GeForce RTX 3060
LogInit: Compiled (64-bit): Nov 30 2021 07:12:08
LogInit: Compiled with Visual C++: 19.24.28315.00
LogInit: Build Configuration: Development
LogInit: Branch Name: ++UE4+Release-4.27
LogInit: Command Line:  /Game/MobileStarterContent/MainGame/MainLevel -game -PIEVIACONSOLE -Multiprocess "GameUserSettingsINI=C:/Users/Raphael/Documents/Unreal Projects/Cookies/Saved/Config/Windows/PIEGameUserSettings0.ini" -MultiprocessSaveConfig -forcepassthrough -messaging -SessionName="Play in Standalone Game" -featureleveles31 -faketouches -MultiprocessSaveConfig -windowed -ResX=420 -ResY=700
LogInit: Base Directory: E:/unreal4/UE_4.27/Engine/Binaries/Win64/
LogInit: Allocator: TBB
LogInit: Installed Engine Build: 1
LogDevObjectVersion: Number of dev versions registered: 29
LogDevObjectVersion:   Dev-Blueprints (B0D832E4-1F89-4F0D-ACCF-7EB736FD4AA2): 10
LogDevObjectVersion:   Dev-Build (E1C64328-A22C-4D53-A36C-8E866417BD8C): 0
LogDevObjectVersion:   Dev-Core (375EC13C-06E4-48FB-B500-84F0262A717E): 4
LogDevObjectVersion:   Dev-Editor (E4B068ED-F494-42E9-A231-DA0B2E46BB41): 40
LogDevObjectVersion:   Dev-Framework (CFFC743F-43B0-4480-9391-14DF171D2073): 37
LogDevObjectVersion:   Dev-Mobile (B02B49B5-BB20-44E9-A304-32B752E40360): 3
LogDevObjectVersion:   Dev-Networking (A4E4105C-59A1-49B5-A7C5-40C4547EDFEE): 0
LogDevObjectVersion:   Dev-Online (39C831C9-5AE6-47DC-9A44-9C173E1C8E7C): 0
LogDevObjectVersion:   Dev-Physics (78F01B33-EBEA-4F98-B9B4-84EACCB95AA2): 14
LogDevObjectVersion:   Dev-Platform (6631380F-2D4D-43E0-8009-CF276956A95A): 0
LogDevObjectVersion:   Dev-Rendering (12F88B9F-8875-4AFC-A67C-D90C383ABD29): 45
LogDevObjectVersion:   Dev-Sequencer (7B5AE74C-D270-4C10-A958-57980B212A5A): 13
LogDevObjectVersion:   Dev-VR (D7296918-1DD6-4BDD-9DE2-64A83CC13884): 3
LogDevObjectVersion:   Dev-LoadTimes (C2A15278-BFE7-4AFE-6C17-90FF531DF755): 1
LogDevObjectVersion:   Private-Geometry (6EACA3D4-40EC-4CC1-B786-8BED09428FC5): 3
LogDevObjectVersion:   Dev-AnimPhys (29E575DD-E0A3-4627-9D10-D276232CDCEA): 17
LogDevObjectVersion:   Dev-Anim (AF43A65D-7FD3-4947-9873-3E8ED9C1BB05): 15
LogDevObjectVersion:   Dev-ReflectionCapture (6B266CEC-1EC7-4B8F-A30B-E4D90942FC07): 1
LogDevObjectVersion:   Dev-Automation (0DF73D61-A23F-47EA-B727-89E90C41499A): 1
LogDevObjectVersion:   FortniteMain (601D1886-AC64-4F84-AA16-D3DE0DEAC7D6): 47
LogDevObjectVersion:   FortniteRelease (E7086368-6B23-4C58-8439-1B7016265E91): 1
LogDevObjectVersion:   Dev-Enterprise (9DFFBCD6-494F-0158-E221-12823C92A888): 10
LogDevObjectVersion:   Dev-Niagara (F2AED0AC-9AFE-416F-8664-AA7FFA26D6FC): 1
LogDevObjectVersion:   Dev-Destruction (174F1F0B-B4C6-45A5-B13F-2EE8D0FB917D): 10
LogDevObjectVersion:   Dev-Physics-Ext (35F94A83-E258-406C-A318-09F59610247C): 41
LogDevObjectVersion:   Dev-PhysicsMaterial-Chaos (B68FC16E-8B1B-42E2-B453-215C058844FE): 1
LogDevObjectVersion:   Dev-CineCamera (B2E18506-4273-CFC2-A54E-F4BB758BBA07): 1
LogDevObjectVersion:   Dev-VirtualProduction (64F58936-FD1B-42BA-BA96-7289D5D0FA4E): 1
LogDevObjectVersion:   Dev-MediaFramework (6F0ED827-A609-4895-9C91-998D90180EA4): 2
LogInit: Presizing for max 25165824 objects, including 0 objects not considered by GC, pre-allocating 0 bytes for permanent pool.
LogConfig: Applying CVar settings from Section [/Script/Engine.StreamingSettings] File [C:/Users/Raphael/Documents/Unreal Projects/Cookies/Saved/Config/Windows/Engine.ini]
LogConfig: Setting CVar [[s.MinBulkDataSizeForAsyncLoading:131072]]
LogConfig: Setting CVar [[s.AsyncLoadingThreadEnabled:0]]
LogConfig: Setting CVar [[s.EventDrivenLoaderEnabled:1]]
LogConfig: Setting CVar [[s.WarnIfTimeLimitExceeded:0]]
LogConfig: Setting CVar [[s.TimeLimitExceededMultiplier:1.5]]
LogConfig: Setting CVar [[s.TimeLimitExceededMinTime:0.005]]
LogConfig: Setting CVar [[s.UseBackgroundLevelStreaming:1]]
LogConfig: Setting CVar [[s.PriorityAsyncLoadingExtraTime:15.0]]
LogConfig: Setting CVar [[s.LevelStreamingActorsUpdateTimeLimit:5.0]]
LogConfig: Setting CVar [[s.PriorityLevelStreamingActorsUpdateExtraTime:5.0]]
LogConfig: Setting CVar [[s.LevelStreamingComponentsRegistrationGranularity:10]]
LogConfig: Setting CVar [[s.UnregisterComponentsTimeLimit:1.0]]
LogConfig: Setting CVar [[s.LevelStreamingComponentsUnregistrationGranularity:5]]
LogConfig: Setting CVar [[s.FlushStreamingOnExit:1]]
LogInit: Object subsystem initialized
LogConfig: Setting CVar [[con.DebugEarlyDefault:1]]
LogConfig: Setting CVar [[r.setres:1280x720]]
[2023.10.26-04.27.07:116][  0]LogConfig: Setting CVar [[con.DebugEarlyDefault:1]]
[2023.10.26-04.27.07:116][  0]LogConfig: Setting CVar [[r.setres:1280x720]]
[2023.10.26-04.27.07:116][  0]LogConfig: Applying CVar settings from Section [/Script/Engine.RendererSettings] File [C:/Users/Raphael/Documents/Unreal Projects/Cookies/Saved/Config/Windows/Engine.ini]
[2023.10.26-04.27.07:116][  0]LogConfig: Setting CVar [[r.GPUCrashDebugging:0]]
[2023.10.26-04.27.07:116][  0]LogConfig: Setting CVar [[r.Mobile.DisableVertexFog:1]]
[2023.10.26-04.27.07:116][  0]LogConfig: Setting CVar [[r.Shadow.CSM.MaxMobileCascades:2]]
[2023.10.26-04.27.07:116][  0]LogConfig: Setting CVar [[r.MobileMSAA:1]]
[2023.10.26-04.27.07:116][  0]LogConfig: Setting CVar [[r.Mobile.AllowDitheredLODTransition:0]]
[2023.10.26-04.27.07:116][  0]LogConfig: Setting CVar [[r.Mobile.AllowSoftwareOcclusion:0]]
[2023.10.26-04.27.07:116][  0]LogConfig: Setting CVar [[r.Mobile.VirtualTextures:0]]
[2023.10.26-04.27.07:116][  0]LogConfig: Setting CVar [[r.DiscardUnusedQuality:0]]
[2023.10.26-04.27.07:116][  0]LogConfig: Setting CVar [[r.AllowOcclusionQueries:1]]
[2023.10.26-04.27.07:116][  0]LogConfig: Setting CVar [[r.MinScreenRadiusForLights:0.030000]]
[2023.10.26-04.27.07:116][  0]LogConfig: Setting CVar [[r.MinScreenRadiusForDepthPrepass:0.030000]]
[2023.10.26-04.27.07:116][  0]LogConfig: Setting CVar [[r.MinScreenRadiusForCSMDepth:0.010000]]
[2023.10.26-04.27.07:116][  0]LogConfig: Setting CVar [[r.PrecomputedVisibilityWarning:0]]
[2023.10.26-04.27.07:116][  0]LogConfig: Setting CVar [[r.TextureStreaming:1]]
[2023.10.26-04.27.07:116][  0]LogConfig: Setting CVar [[Compat.UseDXT5NormalMaps:0]]
[2023.10.26-04.27.07:116][  0]LogConfig: Setting CVar [[r.VirtualTextures:0]]
[2023.10.26-04.27.07:116][  0]LogConfig: Setting CVar [[r.VT.EnableAutoImport:1]]
[2023.10.26-04.27.07:116][  0]LogConfig: Setting CVar [[r.VirtualTexturedLightmaps:0]]
[2023.10.26-04.27.07:116][  0]LogConfig: Setting CVar [[r.VT.TileSize:128]]
[2023.10.26-04.27.07:116][  0]LogConfig: Setting CVar [[r.VT.TileBorderSize:4]]
[2023.10.26-04.27.07:116][  0]LogConfig: Setting CVar [[r.vt.FeedbackFactor:16]]
[2023.10.26-04.27.07:116][  0]LogConfig: Setting CVar [[r.VT.EnableCompressZlib:1]]
[2023.10.26-04.27.07:116][  0]LogConfig: Setting CVar [[r.VT.EnableCompressCrunch:0]]
[2023.10.26-04.27.07:116][  0]LogConfig: Setting CVar [[r.ClearCoatNormal:0]]
[2023.10.26-04.27.07:116][  0]LogConfig: Setting CVar [[r.ReflectionCaptureResolution:128]]
[2023.10.26-04.27.07:116][  0]LogConfig: Setting CVar [[r.Mobile.ReflectionCaptureCompression:0]]
[2023.10.26-04.27.07:116][  0]LogConfig: Setting CVar [[r.ReflectionEnvironmentLightmapMixBasedOnRoughness:1]]
[2023.10.26-04.27.07:116][  0]LogConfig: Setting CVar [[r.ForwardShading:0]]
[2023.10.26-04.27.07:116][  0]LogConfig: Setting CVar [[r.VertexFoggingForOpaque:1]]
[2023.10.26-04.27.07:116][  0]LogConfig: Setting CVar [[r.AllowStaticLighting:1]]
[2023.10.26-04.27.07:116][  0]LogConfig: Setting CVar [[r.NormalMapsForStaticLighting:0]]
[2023.10.26-04.27.07:116][  0]LogConfig: Setting CVar [[r.GenerateMeshDistanceFields:0]]
[2023.10.26-04.27.07:116][  0]LogConfig: Setting CVar [[r.DistanceFieldBuild.EightBit:0]]
[2023.10.26-04.27.07:116][  0]LogConfig: Setting CVar [[r.GenerateLandscapeGIData:0]]
[2023.10.26-04.27.07:116][  0]LogConfig: Setting CVar [[r.DistanceFieldBuild.Compress:0]]
[2023.10.26-04.27.07:116][  0]LogConfig: Setting CVar [[r.TessellationAdaptivePixelsPerTriangle:48.000000]]
[2023.10.26-04.27.07:116][  0]LogConfig: Setting CVar [[r.SeparateTranslucency:0]]
[2023.10.26-04.27.07:116][  0]LogConfig: Setting CVar [[r.TranslucentSortPolicy:0]]
[2023.10.26-04.27.07:116][  0]LogConfig: Setting CVar [[vr.VRS.HMDFixedFoveationLevel:0]]
[2023.10.26-04.27.07:116][  0]LogConfig: Setting CVar [[r.CustomDepth:1]]
[2023.10.26-04.27.07:116][  0]LogConfig: Setting CVar [[r.CustomDepthTemporalAAJitter:1]]
[2023.10.26-04.27.07:116][  0]LogConfig: Setting CVar [[r.PostProcessing.PropagateAlpha:0]]
[2023.10.26-04.27.07:116][  0]LogConfig: Setting CVar [[r.DefaultFeature.Bloom:0]]
[2023.10.26-04.27.07:116][  0]LogConfig: Setting CVar [[r.DefaultFeature.AmbientOcclusion:0]]
[2023.10.26-04.27.07:116][  0]LogConfig: Setting CVar [[r.DefaultFeature.AmbientOcclusionStaticFraction:1]]
[2023.10.26-04.27.07:116][  0]LogConfig: Setting CVar [[r.DefaultFeature.AutoExposure:0]]
[2023.10.26-04.27.07:116][  0]LogConfig: Setting CVar [[r.DefaultFeature.AutoExposure.Method:0]]
[2023.10.26-04.27.07:116][  0]LogConfig: Setting CVar [[r.DefaultFeature.AutoExposure.Bias:1.000000]]
[2023.10.26-04.27.07:116][  0]LogConfig: Setting CVar [[r.DefaultFeature.AutoExposure.ExtendDefaultLuminanceRange:0]]
[2023.10.26-04.27.07:116][  0]LogConfig: Setting CVar [[r.UsePreExposure:1]]
[2023.10.26-04.27.07:116][  0]LogConfig: Setting CVar [[r.EyeAdaptation.EditorOnly:0]]
[2023.10.26-04.27.07:116][  0]LogConfig: Setting CVar [[r.DefaultFeature.MotionBlur:0]]
[2023.10.26-04.27.07:116][  0]LogConfig: Setting CVar [[r.DefaultFeature.LensFlare:0]]
[2023.10.26-04.27.07:116][  0]LogConfig: Setting CVar [[r.TemporalAA.Upsampling:0]]
[2023.10.26-04.27.07:116][  0]LogConfig: Setting CVar [[r.SSGI.Enable:0]]
[2023.10.26-04.27.07:116][  0]LogConfig: Setting CVar [[r.DefaultFeature.AntiAliasing:0]]
[2023.10.26-04.27.07:116][  0]LogConfig: Setting CVar [[r.DefaultFeature.LightUnits:1]]
[2023.10.26-04.27.07:116][  0]LogConfig: Setting CVar [[r.DefaultBackBufferPixelFormat:4]]
[2023.10.26-04.27.07:116][  0]LogConfig: Setting CVar [[r.Shadow.UnbuiltPreviewInGame:1]]
[2023.10.26-04.27.07:116][  0]LogConfig: Setting CVar [[r.StencilForLODDither:0]]
[2023.10.26-04.27.07:117][  0]LogConfig: Setting CVar [[r.EarlyZPass:3]]
[2023.10.26-04.27.07:117][  0]LogConfig: Setting CVar [[r.EarlyZPassOnlyMaterialMasking:0]]
[2023.10.26-04.27.07:117][  0]LogConfig: Setting CVar [[r.DBuffer:1]]
[2023.10.26-04.27.07:117][  0]LogConfig: Setting CVar [[r.ClearSceneMethod:1]]
[2023.10.26-04.27.07:117][  0]LogConfig: Setting CVar [[r.BasePassOutputsVelocity:0]]
[2023.10.26-04.27.07:117][  0]LogConfig: Setting CVar [[r.VertexDeformationOutputsVelocity:0]]
[2023.10.26-04.27.07:117][  0]LogConfig: Setting CVar [[r.SelectiveBasePassOutputs:0]]
[2023.10.26-04.27.07:117][  0]LogConfig: Setting CVar [[fx.GPUSimulationTextureSizeX:1024]]
[2023.10.26-04.27.07:117][  0]LogConfig: Setting CVar [[fx.GPUSimulationTextureSizeY:1024]]
[2023.10.26-04.27.07:117][  0]LogConfig: Setting CVar [[r.AllowGlobalClipPlane:0]]
[2023.10.26-04.27.07:117][  0]LogConfig: Setting CVar [[r.GBufferFormat:1]]
[2023.10.26-04.27.07:117][  0]LogConfig: Setting CVar [[r.MorphTarget.Mode:1]]
[2023.10.26-04.27.07:117][  0]LogConfig: Setting CVar [[vr.InstancedStereo:0]]
[2023.10.26-04.27.07:117][  0]LogConfig: Setting CVar [[r.MobileHDR:1]]
[2023.10.26-04.27.07:117][  0]LogConfig: Setting CVar [[vr.MobileMultiView:0]]
[2023.10.26-04.27.07:117][  0]LogConfig: Setting CVar [[r.Mobile.UseHWsRGBEncoding:0]]
[2023.10.26-04.27.07:117][  0]LogConfig: Setting CVar [[vr.RoundRobinOcclusion:0]]
[2023.10.26-04.27.07:117][  0]LogConfig: Setting CVar [[vr.ODSCapture:0]]
[2023.10.26-04.27.07:117][  0]LogConfig: Setting CVar [[r.MeshStreaming:0]]
[2023.10.26-04.27.07:117][  0]LogConfig: Setting CVar [[r.WireframeCullThreshold:5.000000]]
[2023.10.26-04.27.07:117][  0]LogConfig: Setting CVar [[r.RayTracing:0]]
[2023.10.26-04.27.07:117][  0]LogConfig: Setting CVar [[r.RayTracing.UseTextureLod:0]]
[2023.10.26-04.27.07:117][  0]LogConfig: Setting CVar [[r.SupportStationarySkylight:1]]
[2023.10.26-04.27.07:117][  0]LogConfig: Setting CVar [[r.SupportLowQualityLightmaps:1]]
[2023.10.26-04.27.07:117][  0]LogConfig: Setting CVar [[r.SupportPointLightWholeSceneShadows:1]]
[2023.10.26-04.27.07:117][  0]LogConfig: Setting CVar [[r.SupportAtmosphericFog:1]]
[2023.10.26-04.27.07:117][  0]LogConfig: Setting CVar [[r.SupportSkyAtmosphere:1]]
[2023.10.26-04.27.07:117][  0]LogConfig: Setting CVar [[r.SupportSkyAtmosphereAffectsHeightFog:0]]
[2023.10.26-04.27.07:117][  0]LogConfig: Setting CVar [[r.SkinCache.CompileShaders:0]]
[2023.10.26-04.27.07:117][  0]LogConfig: Setting CVar [[r.SkinCache.DefaultBehavior:1]]
[2023.10.26-04.27.07:117][  0]LogConfig: Setting CVar [[r.SkinCache.SceneMemoryLimitInMB:128.000000]]
[2023.10.26-04.27.07:117][  0]LogConfig: Setting CVar [[r.Mobile.EnableStaticAndCSMShadowReceivers:1]]
[2023.10.26-04.27.07:117][  0]LogConfig: Setting CVar [[r.Mobile.EnableMovableLightCSMShaderCulling:1]]
[2023.10.26-04.27.07:117][  0]LogConfig: Setting CVar [[r.Mobile.AllowDistanceFieldShadows:1]]
[2023.10.26-04.27.07:117][  0]LogConfig: Setting CVar [[r.Mobile.AllowMovableDirectionalLights:1]]
[2023.10.26-04.27.07:117][  0]LogConfig: Setting CVar [[r.MobileNumDynamicPointLights:4]]
[2023.10.26-04.27.07:117][  0]LogConfig: Setting CVar [[r.MobileDynamicPointLightsUseStaticBranch:1]]
[2023.10.26-04.27.07:117][  0]LogConfig: Setting CVar [[r.Mobile.EnableMovableSpotlights:0]]
[2023.10.26-04.27.07:117][  0]LogConfig: Setting CVar [[r.Mobile.EnableMovableSpotlightsShadow:0]]
[2023.10.26-04.27.07:117][  0]LogConfig: Setting CVar [[r.GPUSkin.Support16BitBoneIndex:0]]
[2023.10.26-04.27.07:117][  0]LogConfig: Setting CVar [[r.GPUSkin.Limit2BoneInfluences:0]]
[2023.10.26-04.27.07:117][  0]LogConfig: Setting CVar [[r.SupportDepthOnlyIndexBuffers:1]]
[2023.10.26-04.27.07:117][  0]LogConfig: Setting CVar [[r.SupportReversedIndexBuffers:1]]
[2023.10.26-04.27.07:117][  0]LogConfig: Setting CVar [[r.LightPropagationVolume:0]]
[2023.10.26-04.27.07:117][  0]LogConfig: Setting CVar [[r.Mobile.AmbientOcclusion:0]]
[2023.10.26-04.27.07:117][  0]LogConfig: Setting CVar [[r.GPUSkin.UnlimitedBoneInfluences:0]]
[2023.10.26-04.27.07:117][  0]LogConfig: Setting CVar [[r.GPUSkin.UnlimitedBoneInfluencesThreshold:8]]
[2023.10.26-04.27.07:117][  0]LogConfig: Setting CVar [[r.Mobile.PlanarReflectionMode:0]]
[2023.10.26-04.27.07:117][  0]LogConfig: Setting CVar [[r.Mobile.SupportsGen4TAA:0]]
[2023.10.26-04.27.07:117][  0]LogConfig: Applying CVar settings from Section [/Script/Engine.RendererOverrideSettings] File [C:/Users/Raphael/Documents/Unreal Projects/Cookies/Saved/Config/Windows/Engine.ini]
[2023.10.26-04.27.07:117][  0]LogConfig: Applying CVar settings from Section [/Script/Engine.StreamingSettings] File [C:/Users/Raphael/Documents/Unreal Projects/Cookies/Saved/Config/Windows/Engine.ini]
[2023.10.26-04.27.07:117][  0]LogConfig: Setting CVar [[s.MinBulkDataSizeForAsyncLoading:131072]]
[2023.10.26-04.27.07:117][  0]LogConfig: Setting CVar [[s.AsyncLoadingThreadEnabled:0]]
[2023.10.26-04.27.07:117][  0]LogConfig: Setting CVar [[s.EventDrivenLoaderEnabled:1]]
[2023.10.26-04.27.07:117][  0]LogConfig: Setting CVar [[s.WarnIfTimeLimitExceeded:0]]
[2023.10.26-04.27.07:117][  0]LogConfig: Setting CVar [[s.TimeLimitExceededMultiplier:1.5]]
[2023.10.26-04.27.07:117][  0]LogConfig: Setting CVar [[s.TimeLimitExceededMinTime:0.005]]
[2023.10.26-04.27.07:117][  0]LogConfig: Setting CVar [[s.UseBackgroundLevelStreaming:1]]
[2023.10.26-04.27.07:117][  0]LogConfig: Setting CVar [[s.PriorityAsyncLoadingExtraTime:15.0]]
[2023.10.26-04.27.07:117][  0]LogConfig: Setting CVar [[s.LevelStreamingActorsUpdateTimeLimit:5.0]]
[2023.10.26-04.27.07:117][  0]LogConfig: Setting CVar [[s.PriorityLevelStreamingActorsUpdateExtraTime:5.0]]
[2023.10.26-04.27.07:117][  0]LogConfig: Setting CVar [[s.LevelStreamingComponentsRegistrationGranularity:10]]
[2023.10.26-04.27.07:117][  0]LogConfig: Setting CVar [[s.UnregisterComponentsTimeLimit:1.0]]
[2023.10.26-04.27.07:117][  0]LogConfig: Setting CVar [[s.LevelStreamingComponentsUnregistrationGranularity:5]]
[2023.10.26-04.27.07:117][  0]LogConfig: Setting CVar [[s.FlushStreamingOnExit:1]]
[2023.10.26-04.27.07:117][  0]LogConfig: Applying CVar settings from Section [/Script/Engine.GarbageCollectionSettings] File [C:/Users/Raphael/Documents/Unreal Projects/Cookies/Saved/Config/Windows/Engine.ini]
[2023.10.26-04.27.07:117][  0]LogConfig: Setting CVar [[gc.MaxObjectsNotConsideredByGC:1]]
[2023.10.26-04.27.07:117][  0]LogConfig: Setting CVar [[gc.SizeOfPermanentObjectPool:0]]
[2023.10.26-04.27.07:118][  0]LogConfig: Setting CVar [[gc.FlushStreamingOnGC:0]]
[2023.10.26-04.27.07:118][  0]LogConfig: Setting CVar [[gc.NumRetriesBeforeForcingGC:10]]
[2023.10.26-04.27.07:118][  0]LogConfig: Setting CVar [[gc.AllowParallelGC:1]]
[2023.10.26-04.27.07:118][  0]LogConfig: Setting CVar [[gc.TimeBetweenPurgingPendingKillObjects:61.1]]
[2023.10.26-04.27.07:118][  0]LogConfig: Setting CVar [[gc.MaxObjectsInEditor:25165824]]
[2023.10.26-04.27.07:118][  0]LogConfig: Setting CVar [[gc.IncrementalBeginDestroyEnabled:1]]
[2023.10.26-04.27.07:118][  0]LogConfig: Setting CVar [[gc.CreateGCClusters:1]]
[2023.10.26-04.27.07:118][  0]LogConfig: Setting CVar [[gc.MinGCClusterSize:5]]
[2023.10.26-04.27.07:118][  0]LogConfig: Setting CVar [[gc.ActorClusteringEnabled:0]]
[2023.10.26-04.27.07:118][  0]LogConfig: Setting CVar [[gc.BlueprintClusteringEnabled:0]]
[2023.10.26-04.27.07:118][  0]LogConfig: Setting CVar [[gc.UseDisregardForGCOnDedicatedServers:0]]
[2023.10.26-04.27.07:118][  0]LogConfig: Setting CVar [[gc.MultithreadedDestructionEnabled:1]]
[2023.10.26-04.27.07:118][  0]LogConfig: Applying CVar settings from Section [/Script/Engine.NetworkSettings] File [C:/Users/Raphael/Documents/Unreal Projects/Cookies/Saved/Config/Windows/Engine.ini]
[2023.10.26-04.27.07:118][  0]LogConfig: Applying CVar settings from Section [/Script/UnrealEd.CookerSettings] File [C:/Users/Raphael/Documents/Unreal Projects/Cookies/Saved/Config/Windows/Engine.ini]
[2023.10.26-04.27.07:140][  0]LogConfig: Applying CVar settings from Section [ViewDistanceQuality@3] File [C:/Users/Raphael/Documents/Unreal Projects/Cookies/Saved/Config/Windows/Scalability.ini]
[2023.10.26-04.27.07:140][  0]LogConfig: Setting CVar [[r.SkeletalMeshLODBias:0]]
[2023.10.26-04.27.07:140][  0]LogConfig: Setting CVar [[r.ViewDistanceScale:1.0]]
[2023.10.26-04.27.07:140][  0]LogConfig: Applying CVar settings from Section [AntiAliasingQuality@3] File [C:/Users/Raphael/Documents/Unreal Projects/Cookies/Saved/Config/Windows/Scalability.ini]
[2023.10.26-04.27.07:140][  0]LogConfig: Setting CVar [[r.PostProcessAAQuality:4]]
[2023.10.26-04.27.07:140][  0]LogConfig: Applying CVar settings from Section [ShadowQuality@3] File [C:/Users/Raphael/Documents/Unreal Projects/Cookies/Saved/Config/Windows/Scalability.ini]
[2023.10.26-04.27.07:140][  0]LogConfig: Setting CVar [[r.LightFunctionQuality:1]]
[2023.10.26-04.27.07:140][  0]LogConfig: Setting CVar [[r.ShadowQuality:5]]
[2023.10.26-04.27.07:140][  0]LogConfig: Setting CVar [[r.Shadow.CSM.MaxCascades:10]]
[2023.10.26-04.27.07:140][  0]LogConfig: Setting CVar [[r.Shadow.MaxResolution:2048]]
[2023.10.26-04.27.07:140][  0]LogConfig: Setting CVar [[r.Shadow.MaxCSMResolution:2048]]
[2023.10.26-04.27.07:140][  0]LogConfig: Setting CVar [[r.Shadow.RadiusThreshold:0.01]]
[2023.10.26-04.27.07:140][  0]LogConfig: Setting CVar [[r.Shadow.DistanceScale:1.0]]
[2023.10.26-04.27.07:140][  0]LogConfig: Setting CVar [[r.Shadow.CSM.TransitionScale:1.0]]
[2023.10.26-04.27.07:140][  0]LogConfig: Setting CVar [[r.Shadow.PreShadowResolutionFactor:1.0]]
[2023.10.26-04.27.07:140][  0]LogConfig: Setting CVar [[r.DistanceFieldShadowing:1]]
[2023.10.26-04.27.07:140][  0]LogConfig: Setting CVar [[r.DistanceFieldAO:1]]
[2023.10.26-04.27.07:140][  0]LogConfig: Setting CVar [[r.AOQuality:2]]
[2023.10.26-04.27.07:140][  0]LogConfig: Setting CVar [[r.VolumetricFog:1]]
[2023.10.26-04.27.07:140][  0]LogConfig: Setting CVar [[r.VolumetricFog.GridPixelSize:8]]
[2023.10.26-04.27.07:140][  0]LogConfig: Setting CVar [[r.VolumetricFog.GridSizeZ:128]]
[2023.10.26-04.27.07:140][  0]LogConfig: Setting CVar [[r.VolumetricFog.HistoryMissSupersampleCount:4]]
[2023.10.26-04.27.07:140][  0]LogConfig: Setting CVar [[r.LightMaxDrawDistanceScale:1]]
[2023.10.26-04.27.07:140][  0]LogConfig: Setting CVar [[r.CapsuleShadows:1]]
[2023.10.26-04.27.07:140][  0]LogConfig: Applying CVar settings from Section [PostProcessQuality@3] File [C:/Users/Raphael/Documents/Unreal Projects/Cookies/Saved/Config/Windows/Scalability.ini]
[2023.10.26-04.27.07:140][  0]LogConfig: Setting CVar [[r.MotionBlurQuality:4]]
[2023.10.26-04.27.07:140][  0]LogConfig: Setting CVar [[r.AmbientOcclusionMipLevelFactor:0.4]]
[2023.10.26-04.27.07:140][  0]LogConfig: Setting CVar [[r.AmbientOcclusionMaxQuality:100]]
[2023.10.26-04.27.07:140][  0]LogConfig: Setting CVar [[r.AmbientOcclusionLevels:-1]]
[2023.10.26-04.27.07:140][  0]LogConfig: Setting CVar [[r.AmbientOcclusionRadiusScale:1.0]]
[2023.10.26-04.27.07:140][  0]LogConfig: Setting CVar [[r.DepthOfFieldQuality:2]]
[2023.10.26-04.27.07:140][  0]LogConfig: Setting CVar [[r.RenderTargetPoolMin:400]]
[2023.10.26-04.27.07:140][  0]LogConfig: Setting CVar [[r.LensFlareQuality:2]]
[2023.10.26-04.27.07:140][  0]LogConfig: Setting CVar [[r.SceneColorFringeQuality:1]]
[2023.10.26-04.27.07:140][  0]LogConfig: Setting CVar [[r.EyeAdaptationQuality:2]]
[2023.10.26-04.27.07:140][  0]LogConfig: Setting CVar [[r.BloomQuality:5]]
[2023.10.26-04.27.07:140][  0]LogConfig: Setting CVar [[r.FastBlurThreshold:100]]
[2023.10.26-04.27.07:140][  0]LogConfig: Setting CVar [[r.Upscale.Quality:3]]
[2023.10.26-04.27.07:140][  0]LogConfig: Setting CVar [[r.Tonemapper.GrainQuantization:1]]
[2023.10.26-04.27.07:140][  0]LogConfig: Setting CVar [[r.LightShaftQuality:1]]
[2023.10.26-04.27.07:140][  0]LogConfig: Setting CVar [[r.Filter.SizeScale:1]]
[2023.10.26-04.27.07:140][  0]LogConfig: Setting CVar [[r.Tonemapper.Quality:5]]
[2023.10.26-04.27.07:141][  0]LogConfig: Setting CVar [[r.DOF.Gather.AccumulatorQuality:1        ; higher gathering accumulator quality]]
[2023.10.26-04.27.07:141][  0]LogConfig: Setting CVar [[r.DOF.Gather.PostfilterMethod:1          ; Median3x3 postfilering method]]
[2023.10.26-04.27.07:141][  0]LogConfig: Setting CVar [[r.DOF.Gather.EnableBokehSettings:0       ; no bokeh simulation when gathering]]
[2023.10.26-04.27.07:141][  0]LogConfig: Setting CVar [[r.DOF.Gather.RingCount:4                 ; medium number of samples when gathering]]
[2023.10.26-04.27.07:141][  0]LogConfig: Setting CVar [[r.DOF.Scatter.ForegroundCompositing:1    ; additive foreground scattering]]
[2023.10.26-04.27.07:141][  0]LogConfig: Setting CVar [[r.DOF.Scatter.BackgroundCompositing:2    ; additive background scattering]]
[2023.10.26-04.27.07:141][  0]LogConfig: Setting CVar [[r.DOF.Scatter.EnableBokehSettings:1      ; bokeh simulation when scattering]]
[2023.10.26-04.27.07:141][  0]LogConfig: Setting CVar [[r.DOF.Scatter.MaxSpriteRatio:0.1         ; only a maximum of 10% of scattered bokeh]]
[2023.10.26-04.27.07:141][  0]LogConfig: Setting CVar [[r.DOF.Recombine.Quality:1                ; cheap slight out of focus]]
[2023.10.26-04.27.07:141][  0]LogConfig: Setting CVar [[r.DOF.Recombine.EnableBokehSettings:0    ; no bokeh simulation on slight out of focus]]
[2023.10.26-04.27.07:141][  0]LogConfig: Setting CVar [[r.DOF.TemporalAAQuality:1                ; more stable temporal accumulation]]
[2023.10.26-04.27.07:141][  0]LogConfig: Setting CVar [[r.DOF.Kernel.MaxForegroundRadius:0.025]]
[2023.10.26-04.27.07:141][  0]LogConfig: Setting CVar [[r.DOF.Kernel.MaxBackgroundRadius:0.025]]
[2023.10.26-04.27.07:141][  0]LogConfig: Applying CVar settings from Section [TextureQuality@3] File [C:/Users/Raphael/Documents/Unreal Projects/Cookies/Saved/Config/Windows/Scalability.ini]
[2023.10.26-04.27.07:141][  0]LogConfig: Setting CVar [[r.Streaming.MipBias:0]]
[2023.10.26-04.27.07:141][  0]LogConfig: Setting CVar [[r.Streaming.AmortizeCPUToGPUCopy:0]]
[2023.10.26-04.27.07:141][  0]LogConfig: Setting CVar [[r.Streaming.MaxNumTexturesToStreamPerFrame:0]]
[2023.10.26-04.27.07:141][  0]LogConfig: Setting CVar [[r.Streaming.Boost:1]]
[2023.10.26-04.27.07:141][  0]LogConfig: Setting CVar [[r.MaxAnisotropy:8]]
[2023.10.26-04.27.07:141][  0]LogConfig: Setting CVar [[r.VT.MaxAnisotropy:8]]
[2023.10.26-04.27.07:141][  0]LogConfig: Setting CVar [[r.Streaming.LimitPoolSizeToVRAM:0]]
[2023.10.26-04.27.07:141][  0]LogConfig: Setting CVar [[r.Streaming.PoolSize:1000]]
[2023.10.26-04.27.07:141][  0]LogConfig: Setting CVar [[r.Streaming.MaxEffectiveScreenSize:0]]
[2023.10.26-04.27.07:141][  0]LogConfig: Applying CVar settings from Section [EffectsQuality@3] File [C:/Users/Raphael/Documents/Unreal Projects/Cookies/Saved/Config/Windows/Scalability.ini]
[2023.10.26-04.27.07:141][  0]LogConfig: Setting CVar [[r.TranslucencyLightingVolumeDim:64]]
[2023.10.26-04.27.07:141][  0]LogConfig: Setting CVar [[r.RefractionQuality:2]]
[2023.10.26-04.27.07:141][  0]LogConfig: Setting CVar [[r.SSR.Quality:3]]
[2023.10.26-04.27.07:141][  0]LogConfig: Setting CVar [[r.SSR.HalfResSceneColor:0]]
[2023.10.26-04.27.07:141][  0]LogConfig: Setting CVar [[r.SceneColorFormat:4]]
[2023.10.26-04.27.07:141][  0]LogConfig: Setting CVar [[r.DetailMode:2]]
[2023.10.26-04.27.07:141][  0]LogConfig: Setting CVar [[r.TranslucencyVolumeBlur:1]]
[2023.10.26-04.27.07:141][  0]LogConfig: Setting CVar [[r.MaterialQualityLevel:1 ; High quality]]
[2023.10.26-04.27.07:141][  0]LogConfig: Setting CVar [[r.AnisotropicMaterials:1]]
[2023.10.26-04.27.07:141][  0]LogConfig: Setting CVar [[r.SSS.Scale:1]]
[2023.10.26-04.27.07:141][  0]LogConfig: Setting CVar [[r.SSS.SampleSet:2]]
[2023.10.26-04.27.07:141][  0]LogConfig: Setting CVar [[r.SSS.Quality:1]]
[2023.10.26-04.27.07:141][  0]LogConfig: Setting CVar [[r.SSS.HalfRes:0]]
[2023.10.26-04.27.07:141][  0]LogConfig: Setting CVar [[r.SSGI.Quality:3]]
[2023.10.26-04.27.07:141][  0]LogConfig: Setting CVar [[r.EmitterSpawnRateScale:1.0]]
[2023.10.26-04.27.07:141][  0]LogConfig: Setting CVar [[r.ParticleLightQuality:2]]
[2023.10.26-04.27.07:141][  0]LogConfig: Setting CVar [[r.SkyAtmosphere.AerialPerspectiveLUT.FastApplyOnOpaque:1 ; Always have FastSkyLUT 1 in this case to avoid wrong sky]]
[2023.10.26-04.27.07:141][  0]LogConfig: Setting CVar [[r.SkyAtmosphere.AerialPerspectiveLUT.SampleCountMaxPerSlice:4]]
[2023.10.26-04.27.07:141][  0]LogConfig: Setting CVar [[r.SkyAtmosphere.AerialPerspectiveLUT.DepthResolution:16.0]]
[2023.10.26-04.27.07:141][  0]LogConfig: Setting CVar [[r.SkyAtmosphere.FastSkyLUT:1]]
[2023.10.26-04.27.07:141][  0]LogConfig: Setting CVar [[r.SkyAtmosphere.FastSkyLUT.SampleCountMin:4.0]]
[2023.10.26-04.27.07:141][  0]LogConfig: Setting CVar [[r.SkyAtmosphere.FastSkyLUT.SampleCountMax:128.0]]
[2023.10.26-04.27.07:141][  0]LogConfig: Setting CVar [[r.SkyAtmosphere.SampleCountMin:4.0]]
[2023.10.26-04.27.07:141][  0]LogConfig: Setting CVar [[r.SkyAtmosphere.SampleCountMax:128.0]]
[2023.10.26-04.27.07:141][  0]LogConfig: Setting CVar [[r.SkyAtmosphere.TransmittanceLUT.UseSmallFormat:0]]
[2023.10.26-04.27.07:141][  0]LogConfig: Setting CVar [[r.SkyAtmosphere.TransmittanceLUT.SampleCount:10.0]]
[2023.10.26-04.27.07:141][  0]LogConfig: Setting CVar [[r.SkyAtmosphere.MultiScatteringLUT.SampleCount:15.0]]
[2023.10.26-04.27.07:141][  0]LogConfig: Setting CVar [[r.SkyLight.RealTimeReflectionCapture:1]]
[2023.10.26-04.27.07:141][  0]LogConfig: Applying CVar settings from Section [FoliageQuality@3] File [C:/Users/Raphael/Documents/Unreal Projects/Cookies/Saved/Config/Windows/Scalability.ini]
[2023.10.26-04.27.07:141][  0]LogConfig: Setting CVar [[foliage.DensityScale:1.0]]
[2023.10.26-04.27.07:141][  0]LogConfig: Setting CVar [[grass.DensityScale:1.0]]
[2023.10.26-04.27.07:141][  0]LogConfig: Applying CVar settings from Section [ShadingQuality@3] File [C:/Users/Raphael/Documents/Unreal Projects/Cookies/Saved/Config/Windows/Scalability.ini]
[2023.10.26-04.27.07:141][  0]LogConfig: Setting CVar [[r.HairStrands.SkyLighting.IntegrationType:2]]
[2023.10.26-04.27.07:141][  0]LogConfig: Setting CVar [[r.HairStrands.SkyAO.SampleCount:4]]
[2023.10.26-04.27.07:141][  0]LogConfig: Setting CVar [[r.HairStrands.Visibility.MSAA.SamplePerPixel:4]]
[2023.10.26-04.27.07:141][  0]LogInit: Selected Device Profile: [Windows]
[2023.10.26-04.27.07:141][  0]LogInit: Applying CVar settings loaded from the selected device profile: [Windows]
[2023.10.26-04.27.07:141][  0]LogHAL: Display: Platform has ~ 32 GB [34305662976 / 34359738368 / 32], which maps to Largest [LargestMinGB=32, LargerMinGB=12, DefaultMinGB=8, SmallerMinGB=6, SmallestMinGB=0)
[2023.10.26-04.27.07:142][  0]LogInit: Going up to parent DeviceProfile []
[2023.10.26-04.27.07:142][  0]LogConfig: Applying CVar settings from Section [ViewDistanceQuality@3] File [C:/Users/Raphael/Documents/Unreal Projects/Cookies/Saved/Config/Windows/Scalability.ini]
[2023.10.26-04.27.07:142][  0]LogConfig: Setting CVar [[r.SkeletalMeshLODBias:0]]
[2023.10.26-04.27.07:142][  0]LogConfig: Setting CVar [[r.ViewDistanceScale:1.0]]
[2023.10.26-04.27.07:142][  0]LogConfig: Applying CVar settings from Section [AntiAliasingQuality@3] File [C:/Users/Raphael/Documents/Unreal Projects/Cookies/Saved/Config/Windows/Scalability.ini]
[2023.10.26-04.27.07:142][  0]LogConfig: Setting CVar [[r.PostProcessAAQuality:4]]
[2023.10.26-04.27.07:142][  0]LogConfig: Applying CVar settings from Section [ShadowQuality@3] File [C:/Users/Raphael/Documents/Unreal Projects/Cookies/Saved/Config/Windows/Scalability.ini]
[2023.10.26-04.27.07:142][  0]LogConfig: Setting CVar [[r.LightFunctionQuality:1]]
[2023.10.26-04.27.07:142][  0]LogConfig: Setting CVar [[r.ShadowQuality:5]]
[2023.10.26-04.27.07:142][  0]LogConfig: Setting CVar [[r.Shadow.CSM.MaxCascades:10]]
[2023.10.26-04.27.07:142][  0]LogConfig: Setting CVar [[r.Shadow.MaxResolution:2048]]
[2023.10.26-04.27.07:142][  0]LogConfig: Setting CVar [[r.Shadow.MaxCSMResolution:2048]]
[2023.10.26-04.27.07:142][  0]LogConfig: Setting CVar [[r.Shadow.RadiusThreshold:0.01]]
[2023.10.26-04.27.07:142][  0]LogConfig: Setting CVar [[r.Shadow.DistanceScale:1.0]]
[2023.10.26-04.27.07:142][  0]LogConfig: Setting CVar [[r.Shadow.CSM.TransitionScale:1.0]]
[2023.10.26-04.27.07:142][  0]LogConfig: Setting CVar [[r.Shadow.PreShadowResolutionFactor:1.0]]
[2023.10.26-04.27.07:142][  0]LogConfig: Setting CVar [[r.DistanceFieldShadowing:1]]
[2023.10.26-04.27.07:142][  0]LogConfig: Setting CVar [[r.DistanceFieldAO:1]]
[2023.10.26-04.27.07:142][  0]LogConfig: Setting CVar [[r.AOQuality:2]]
[2023.10.26-04.27.07:142][  0]LogConfig: Setting CVar [[r.VolumetricFog:1]]
[2023.10.26-04.27.07:142][  0]LogConfig: Setting CVar [[r.VolumetricFog.GridPixelSize:8]]
[2023.10.26-04.27.07:142][  0]LogConfig: Setting CVar [[r.VolumetricFog.GridSizeZ:128]]
[2023.10.26-04.27.07:142][  0]LogConfig: Setting CVar [[r.VolumetricFog.HistoryMissSupersampleCount:4]]
[2023.10.26-04.27.07:142][  0]LogConfig: Setting CVar [[r.LightMaxDrawDistanceScale:1]]
[2023.10.26-04.27.07:142][  0]LogConfig: Setting CVar [[r.CapsuleShadows:1]]
[2023.10.26-04.27.07:142][  0]LogConfig: Applying CVar settings from Section [PostProcessQuality@3] File [C:/Users/Raphael/Documents/Unreal Projects/Cookies/Saved/Config/Windows/Scalability.ini]
[2023.10.26-04.27.07:142][  0]LogConfig: Setting CVar [[r.MotionBlurQuality:4]]
[2023.10.26-04.27.07:142][  0]LogConfig: Setting CVar [[r.AmbientOcclusionMipLevelFactor:0.4]]
[2023.10.26-04.27.07:142][  0]LogConfig: Setting CVar [[r.AmbientOcclusionMaxQuality:100]]
[2023.10.26-04.27.07:142][  0]LogConfig: Setting CVar [[r.AmbientOcclusionLevels:-1]]
[2023.10.26-04.27.07:142][  0]LogConfig: Setting CVar [[r.AmbientOcclusionRadiusScale:1.0]]
[2023.10.26-04.27.07:142][  0]LogConfig: Setting CVar [[r.DepthOfFieldQuality:2]]
[2023.10.26-04.27.07:142][  0]LogConfig: Setting CVar [[r.RenderTargetPoolMin:400]]
[2023.10.26-04.27.07:142][  0]LogConfig: Setting CVar [[r.LensFlareQuality:2]]
[2023.10.26-04.27.07:142][  0]LogConfig: Setting CVar [[r.SceneColorFringeQuality:1]]
[2023.10.26-04.27.07:142][  0]LogConfig: Setting CVar [[r.EyeAdaptationQuality:2]]
[2023.10.26-04.27.07:142][  0]LogConfig: Setting CVar [[r.BloomQuality:5]]
[2023.10.26-04.27.07:142][  0]LogConfig: Setting CVar [[r.FastBlurThreshold:100]]
[2023.10.26-04.27.07:142][  0]LogConfig: Setting CVar [[r.Upscale.Quality:3]]
[2023.10.26-04.27.07:142][  0]LogConfig: Setting CVar [[r.Tonemapper.GrainQuantization:1]]
[2023.10.26-04.27.07:142][  0]LogConfig: Setting CVar [[r.LightShaftQuality:1]]
[2023.10.26-04.27.07:142][  0]LogConfig: Setting CVar [[r.Filter.SizeScale:1]]
[2023.10.26-04.27.07:142][  0]LogConfig: Setting CVar [[r.Tonemapper.Quality:5]]
[2023.10.26-04.27.07:142][  0]LogConfig: Setting CVar [[r.DOF.Gather.AccumulatorQuality:1        ; higher gathering accumulator quality]]
[2023.10.26-04.27.07:142][  0]LogConfig: Setting CVar [[r.DOF.Gather.PostfilterMethod:1          ; Median3x3 postfilering method]]
[2023.10.26-04.27.07:142][  0]LogConfig: Setting CVar [[r.DOF.Gather.EnableBokehSettings:0       ; no bokeh simulation when gathering]]
[2023.10.26-04.27.07:142][  0]LogConfig: Setting CVar [[r.DOF.Gather.RingCount:4                 ; medium number of samples when gathering]]
[2023.10.26-04.27.07:142][  0]LogConfig: Setting CVar [[r.DOF.Scatter.ForegroundCompositing:1    ; additive foreground scattering]]
[2023.10.26-04.27.07:142][  0]LogConfig: Setting CVar [[r.DOF.Scatter.BackgroundCompositing:2    ; additive background scattering]]
[2023.10.26-04.27.07:142][  0]LogConfig: Setting CVar [[r.DOF.Scatter.EnableBokehSettings:1      ; bokeh simulation when scattering]]
[2023.10.26-04.27.07:142][  0]LogConfig: Setting CVar [[r.DOF.Scatter.MaxSpriteRatio:0.1         ; only a maximum of 10% of scattered bokeh]]
[2023.10.26-04.27.07:142][  0]LogConfig: Setting CVar [[r.DOF.Recombine.Quality:1                ; cheap slight out of focus]]
[2023.10.26-04.27.07:142][  0]LogConfig: Setting CVar [[r.DOF.Recombine.EnableBokehSettings:0    ; no bokeh simulation on slight out of focus]]
[2023.10.26-04.27.07:142][  0]LogConfig: Setting CVar [[r.DOF.TemporalAAQuality:1                ; more stable temporal accumulation]]
[2023.10.26-04.27.07:142][  0]LogConfig: Setting CVar [[r.DOF.Kernel.MaxForegroundRadius:0.025]]
[2023.10.26-04.27.07:142][  0]LogConfig: Setting CVar [[r.DOF.Kernel.MaxBackgroundRadius:0.025]]
[2023.10.26-04.27.07:142][  0]LogConfig: Applying CVar settings from Section [TextureQuality@3] File [C:/Users/Raphael/Documents/Unreal Projects/Cookies/Saved/Config/Windows/Scalability.ini]
[2023.10.26-04.27.07:142][  0]LogConfig: Setting CVar [[r.Streaming.MipBias:0]]
[2023.10.26-04.27.07:142][  0]LogConfig: Setting CVar [[r.Streaming.AmortizeCPUToGPUCopy:0]]
[2023.10.26-04.27.07:142][  0]LogConfig: Setting CVar [[r.Streaming.MaxNumTexturesToStreamPerFrame:0]]
[2023.10.26-04.27.07:142][  0]LogConfig: Setting CVar [[r.Streaming.Boost:1]]
[2023.10.26-04.27.07:142][  0]LogConfig: Setting CVar [[r.MaxAnisotropy:8]]
[2023.10.26-04.27.07:142][  0]LogConfig: Setting CVar [[r.VT.MaxAnisotropy:8]]
[2023.10.26-04.27.07:142][  0]LogConfig: Setting CVar [[r.Streaming.LimitPoolSizeToVRAM:0]]
[2023.10.26-04.27.07:142][  0]LogConfig: Setting CVar [[r.Streaming.PoolSize:1000]]
[2023.10.26-04.27.07:142][  0]LogConfig: Setting CVar [[r.Streaming.MaxEffectiveScreenSize:0]]
[2023.10.26-04.27.07:142][  0]LogConfig: Applying CVar settings from Section [EffectsQuality@3] File [C:/Users/Raphael/Documents/Unreal Projects/Cookies/Saved/Config/Windows/Scalability.ini]
[2023.10.26-04.27.07:142][  0]LogConfig: Setting CVar [[r.TranslucencyLightingVolumeDim:64]]
[2023.10.26-04.27.07:142][  0]LogConfig: Setting CVar [[r.RefractionQuality:2]]
[2023.10.26-04.27.07:142][  0]LogConfig: Setting CVar [[r.SSR.Quality:3]]
[2023.10.26-04.27.07:142][  0]LogConfig: Setting CVar [[r.SSR.HalfResSceneColor:0]]
[2023.10.26-04.27.07:142][  0]LogConfig: Setting CVar [[r.SceneColorFormat:4]]
[2023.10.26-04.27.07:142][  0]LogConfig: Setting CVar [[r.DetailMode:2]]
[2023.10.26-04.27.07:142][  0]LogConfig: Setting CVar [[r.TranslucencyVolumeBlur:1]]
[2023.10.26-04.27.07:142][  0]LogConfig: Setting CVar [[r.MaterialQualityLevel:1 ; High quality]]
[2023.10.26-04.27.07:142][  0]LogConfig: Setting CVar [[r.AnisotropicMaterials:1]]
[2023.10.26-04.27.07:142][  0]LogConfig: Setting CVar [[r.SSS.Scale:1]]
[2023.10.26-04.27.07:142][  0]LogConfig: Setting CVar [[r.SSS.SampleSet:2]]
[2023.10.26-04.27.07:142][  0]LogConfig: Setting CVar [[r.SSS.Quality:1]]
[2023.10.26-04.27.07:143][  0]LogConfig: Setting CVar [[r.SSS.HalfRes:0]]
[2023.10.26-04.27.07:143][  0]LogConfig: Setting CVar [[r.SSGI.Quality:3]]
[2023.10.26-04.27.07:143][  0]LogConfig: Setting CVar [[r.EmitterSpawnRateScale:1.0]]
[2023.10.26-04.27.07:143][  0]LogConfig: Setting CVar [[r.ParticleLightQuality:2]]
[2023.10.26-04.27.07:143][  0]LogConfig: Setting CVar [[r.SkyAtmosphere.AerialPerspectiveLUT.FastApplyOnOpaque:1 ; Always have FastSkyLUT 1 in this case to avoid wrong sky]]
[2023.10.26-04.27.07:143][  0]LogConfig: Setting CVar [[r.SkyAtmosphere.AerialPerspectiveLUT.SampleCountMaxPerSlice:4]]
[2023.10.26-04.27.07:143][  0]LogConfig: Setting CVar [[r.SkyAtmosphere.AerialPerspectiveLUT.DepthResolution:16.0]]
[2023.10.26-04.27.07:143][  0]LogConfig: Setting CVar [[r.SkyAtmosphere.FastSkyLUT:1]]
[2023.10.26-04.27.07:143][  0]LogConfig: Setting CVar [[r.SkyAtmosphere.FastSkyLUT.SampleCountMin:4.0]]
[2023.10.26-04.27.07:143][  0]LogConfig: Setting CVar [[r.SkyAtmosphere.FastSkyLUT.SampleCountMax:128.0]]
[2023.10.26-04.27.07:143][  0]LogConfig: Setting CVar [[r.SkyAtmosphere.SampleCountMin:4.0]]
[2023.10.26-04.27.07:143][  0]LogConfig: Setting CVar [[r.SkyAtmosphere.SampleCountMax:128.0]]
[2023.10.26-04.27.07:143][  0]LogConfig: Setting CVar [[r.SkyAtmosphere.TransmittanceLUT.UseSmallFormat:0]]
[2023.10.26-04.27.07:143][  0]LogConfig: Setting CVar [[r.SkyAtmosphere.TransmittanceLUT.SampleCount:10.0]]
[2023.10.26-04.27.07:143][  0]LogConfig: Setting CVar [[r.SkyAtmosphere.MultiScatteringLUT.SampleCount:15.0]]
[2023.10.26-04.27.07:143][  0]LogConfig: Setting CVar [[r.SkyLight.RealTimeReflectionCapture:1]]
[2023.10.26-04.27.07:143][  0]LogConfig: Applying CVar settings from Section [FoliageQuality@3] File [C:/Users/Raphael/Documents/Unreal Projects/Cookies/Saved/Config/Windows/Scalability.ini]
[2023.10.26-04.27.07:143][  0]LogConfig: Setting CVar [[foliage.DensityScale:1.0]]
[2023.10.26-04.27.07:143][  0]LogConfig: Setting CVar [[grass.DensityScale:1.0]]
[2023.10.26-04.27.07:143][  0]LogConfig: Applying CVar settings from Section [ShadingQuality@3] File [C:/Users/Raphael/Documents/Unreal Projects/Cookies/Saved/Config/Windows/Scalability.ini]
[2023.10.26-04.27.07:143][  0]LogConfig: Setting CVar [[r.HairStrands.SkyLighting.IntegrationType:2]]
[2023.10.26-04.27.07:143][  0]LogConfig: Setting CVar [[r.HairStrands.SkyAO.SampleCount:4]]
[2023.10.26-04.27.07:143][  0]LogConfig: Setting CVar [[r.HairStrands.Visibility.MSAA.SamplePerPixel:4]]
[2023.10.26-04.27.07:143][  0]LogConfig: Applying CVar settings from Section [Startup] File [../../../Engine/Config/ConsoleVariables.ini]
[2023.10.26-04.27.07:143][  0]LogConfig: Setting CVar [[net.UseAdaptiveNetUpdateFrequency:0]]
[2023.10.26-04.27.07:143][  0]LogConfig: Setting CVar [[p.chaos.AllowCreatePhysxBodies:1]]
[2023.10.26-04.27.07:143][  0]LogConfig: Setting CVar [[fx.SkipVectorVMBackendOptimizations:1]]
[2023.10.26-04.27.07:143][  0]LogConfig: Applying CVar settings from Section [ConsoleVariables] File [C:/Users/Raphael/Documents/Unreal Projects/Cookies/Saved/Config/Windows/Engine.ini]
[2023.10.26-04.27.07:143][  0]LogConfig: Applying CVar settings from Section [ConsoleVariables] File [C:/Users/Raphael/Documents/Unreal Projects/Cookies/Saved/Config/Windows/Editor.ini]
[2023.10.26-04.27.07:143][  0]LogInit: Computer: DESKTOP-GB05CPM
[2023.10.26-04.27.07:143][  0]LogInit: User: Raphael
[2023.10.26-04.27.07:143][  0]LogInit: CPU Page size=4096, Cores=4
[2023.10.26-04.27.07:143][  0]LogInit: High frequency timer resolution =10.000000 MHz
[2023.10.26-04.27.07:143][  0]LogMemory: Memory total: Physical=31.9GB (32GB approx)
[2023.10.26-04.27.07:143][  0]LogMemory: Platform Memory Stats for Windows
[2023.10.26-04.27.07:143][  0]LogMemory: Process Physical Memory: 144.28 MB used, 144.28 MB peak
[2023.10.26-04.27.07:143][  0]LogMemory: Process Virtual Memory: 128.57 MB used, 128.57 MB peak
[2023.10.26-04.27.07:143][  0]LogMemory: Physical Memory: 12402.06 MB used,  20314.37 MB free, 32716.43 MB total
[2023.10.26-04.27.07:143][  0]LogMemory: Virtual Memory: 134197160.00 MB used,  20568.57 MB free, 134217728.00 MB total
[2023.10.26-04.27.07:153][  0]LogWindows: WindowsPlatformFeatures enabled
[2023.10.26-04.27.07:215][  0]LogInit: Physics initialised using underlying interface: PhysX
[2023.10.26-04.27.07:215][  0]LogInit: Using OS detected language (pt-BR).
[2023.10.26-04.27.07:215][  0]LogInit: Using OS detected locale (pt-BR).
[2023.10.26-04.27.07:253][  0]LogTextLocalizationResource: LocRes '../../../Engine/Content/Localization/Editor/pt/Editor.locres' could not be opened for reading!
[2023.10.26-04.27.07:253][  0]LogTextLocalizationResource: LocRes '../../../Engine/Content/Localization/EditorTutorials/pt/EditorTutorials.locres' could not be opened for reading!
[2023.10.26-04.27.07:253][  0]LogTextLocalizationResource: LocRes '../../../Engine/Content/Localization/Keywords/pt/Keywords.locres' could not be opened for reading!
[2023.10.26-04.27.07:253][  0]LogTextLocalizationResource: LocRes '../../../Engine/Content/Localization/Category/pt/Category.locres' could not be opened for reading!
[2023.10.26-04.27.07:253][  0]LogTextLocalizationResource: LocRes '../../../Engine/Content/Localization/ToolTips/pt/ToolTips.locres' could not be opened for reading!
[2023.10.26-04.27.07:253][  0]LogTextLocalizationResource: LocRes '../../../Engine/Content/Localization/PropertyNames/pt/PropertyNames.locres' could not be opened for reading!
[2023.10.26-04.27.07:253][  0]LogTextLocalizationResource: LocRes '../../../Engine/Content/Localization/Engine/pt/Engine.locres' could not be opened for reading!
[2023.10.26-04.27.07:253][  0]LogTextLocalizationResource: LocRes '../../../Engine/Plugins/Online/OnlineSubsystem/Content/Localization/OnlineSubsystem/pt/OnlineSubsystem.locres' could not be opened for reading!
[2023.10.26-04.27.07:253][  0]LogTextLocalizationResource: LocRes '../../../Engine/Plugins/Online/OnlineSubsystemUtils/Content/Localization/OnlineSubsystemUtils/pt/OnlineSubsystemUtils.locres' could not be opened for reading!
[2023.10.26-04.27.07:253][  0]LogTextLocalizationResource: LocRes '../../../Engine/Plugins/Online/Android/OnlineSubsystemGooglePlay/Content/Localization/OnlineSubsystemGooglePlay/pt/OnlineSubsystemGooglePlay.locres' could not be opened for reading!
[2023.10.26-04.27.07:253][  0]LogTextLocalizationResource: LocRes '../../../Engine/Plugins/Online/IOS/OnlineSubsystemIOS/Content/Localization/OnlineSubsystemIOS/pt/OnlineSubsystemIOS.locres' could not be opened for reading!
[2023.10.26-04.27.07:285][  0]LogWindowsTextInputMethodSystem: Display: IME system deactivated.
[2023.10.26-04.27.07:361][  0]LogSlate: New Slate User Created.  User Index 0, Is Virtual User: 0
[2023.10.26-04.27.07:361][  0]LogSlate: Slate User Registered.  User Index 0, Is Virtual User: 0
[2023.10.26-04.27.07:405][  0]LogD3D11RHI: Loaded GFSDK_Aftermath_Lib.x64.dll
[2023.10.26-04.27.07:408][  0]LogHMD: Failed to initialize OpenVR with code 110
[2023.10.26-04.27.07:408][  0]LogD3D11RHI: D3D11 min allowed feature level: 11_0
[2023.10.26-04.27.07:408][  0]LogD3D11RHI: D3D11 max allowed feature level: 11_0
[2023.10.26-04.27.07:408][  0]LogD3D11RHI: D3D11 adapters:
[2023.10.26-04.27.07:576][  0]LogD3D11RHI:    0. 'NVIDIA GeForce RTX 3060' (Feature Level 11_0)
[2023.10.26-04.27.07:576][  0]LogD3D11RHI:       12129/0/16358 MB DedicatedVideo/DedicatedSystem/SharedSystem, Outputs:1, VendorId:0x10de
[2023.10.26-04.27.07:578][  0]LogD3D11RHI:    1. 'Microsoft Basic Render Driver' (Feature Level 11_0)
[2023.10.26-04.27.07:578][  0]LogD3D11RHI:       0/0/16358 MB DedicatedVideo/DedicatedSystem/SharedSystem, Outputs:0, VendorId:0x1414
[2023.10.26-04.27.07:578][  0]LogD3D11RHI: Chosen D3D11 Adapter:
[2023.10.26-04.27.07:578][  0]LogD3D11RHI:     Description : NVIDIA GeForce RTX 3060
[2023.10.26-04.27.07:578][  0]LogD3D11RHI:     VendorId    : 10de
[2023.10.26-04.27.07:578][  0]LogD3D11RHI:     DeviceId    : 2504
[2023.10.26-04.27.07:578][  0]LogD3D11RHI:     SubSysId    : 263019da
[2023.10.26-04.27.07:578][  0]LogD3D11RHI:     Revision    : 00a1
[2023.10.26-04.27.07:578][  0]LogD3D11RHI:     DedicatedVideoMemory : 12718178304 bytes
[2023.10.26-04.27.07:578][  0]LogD3D11RHI:     DedicatedSystemMemory : 0 bytes
[2023.10.26-04.27.07:578][  0]LogD3D11RHI:     SharedSystemMemory : 17152831488 bytes
[2023.10.26-04.27.07:578][  0]LogD3D11RHI:     AdapterLuid : 0 68633
[2023.10.26-04.27.07:586][  0]LogD3D11RHI: Creating new Direct3DDevice
[2023.10.26-04.27.07:586][  0]LogD3D11RHI:     GPU DeviceId: 0x2504 (for the marketing name, search the web for "GPU Device Id")
[2023.10.26-04.27.07:586][  0]LogWindows: EnumDisplayDevices:
[2023.10.26-04.27.07:586][  0]LogWindows:    0. 'NVIDIA GeForce RTX 3060' (P:1 D:1)
[2023.10.26-04.27.07:586][  0]LogWindows:    1. 'NVIDIA GeForce RTX 3060' (P:0 D:0)
[2023.10.26-04.27.07:587][  0]LogWindows:    2. 'NVIDIA GeForce RTX 3060' (P:0 D:0)
[2023.10.26-04.27.07:587][  0]LogWindows:    3. 'NVIDIA GeForce RTX 3060' (P:0 D:0)
[2023.10.26-04.27.07:587][  0]LogWindows: DebugString: FoundDriverCount:4 
[2023.10.26-04.27.07:587][  0]LogD3D11RHI:     Adapter Name: NVIDIA GeForce RTX 3060
[2023.10.26-04.27.07:587][  0]LogD3D11RHI:   Driver Version: 536.23 (internal:31.0.15.3623, unified:536.23)
[2023.10.26-04.27.07:587][  0]LogD3D11RHI:      Driver Date: 6-8-2023
[2023.10.26-04.27.07:587][  0]LogRHI: Texture pool is 8490 MB (70% of 12129 MB)
[2023.10.26-04.27.07:587][  0]LogD3D11RHI: Creating D3DDevice using adapter:
[2023.10.26-04.27.07:587][  0]LogD3D11RHI:     Description : NVIDIA GeForce RTX 3060
[2023.10.26-04.27.07:587][  0]LogD3D11RHI:     VendorId    : 10de
[2023.10.26-04.27.07:587][  0]LogD3D11RHI:     DeviceId    : 2504
[2023.10.26-04.27.07:587][  0]LogD3D11RHI:     SubSysId    : 263019da
[2023.10.26-04.27.07:587][  0]LogD3D11RHI:     Revision    : 00a1
[2023.10.26-04.27.07:587][  0]LogD3D11RHI:     DedicatedVideoMemory : 12718178304 bytes
[2023.10.26-04.27.07:587][  0]LogD3D11RHI:     DedicatedSystemMemory : 0 bytes
[2023.10.26-04.27.07:587][  0]LogD3D11RHI:     SharedSystemMemory : 17152831488 bytes
[2023.10.26-04.27.07:587][  0]LogD3D11RHI:     AdapterLuid : 0 68633
[2023.10.26-04.27.07:703][  0]LogD3D11RHI: RHI has support for 64 bit atomics
[2023.10.26-04.27.07:704][  0]LogD3D11RHI: Async texture creation enabled
[2023.10.26-04.27.07:704][  0]LogD3D11RHI: Array index from any shader is supported
[2023.10.26-04.27.07:721][  0]LogD3D11RHI: GPU Timing Frequency: 1000.000000 (Debug: 2 1)
[2023.10.26-04.27.07:751][  0]LogRHI: GeForceNow SDK initialized: 1
[2023.10.26-04.27.08:126][  0]LogTargetPlatformManager: Display: Loaded TargetPlatform 'WindowsNoEditor'
[2023.10.26-04.27.08:132][  0]LogTargetPlatformManager: Display: Loaded TargetPlatform 'Windows'
[2023.10.26-04.27.08:137][  0]LogTargetPlatformManager: Display: Loaded TargetPlatform 'WindowsClient'
[2023.10.26-04.27.08:142][  0]LogTargetPlatformManager: Display: Loaded TargetPlatform 'WindowsServer'
[2023.10.26-04.27.08:143][  0]LogTargetPlatformManager: Display: Building Assets For Windows
[2023.10.26-04.27.08:151][  0]LogAudioDebug: Display: Lib vorbis DLL was dynamically loaded.
[2023.10.26-04.27.08:190][  0]LogTextureFormatOodle: Display: Oodle Texture 2.9.0 init RDO Off
[2023.10.26-04.27.08:228][  0]LogRendererCore: Ray tracing is disabled. Reason: r.RayTracing=0.
[2023.10.26-04.27.08:229][  0]LogShaderCompilers: Guid format shader working directory is -2 characters bigger than the processId version (C:/Users/Raphael/Documents/Unreal Projects/Cookies/Intermediate/Shaders/WorkingDirectory/9928/).
[2023.10.26-04.27.08:229][  0]LogShaderCompilers: Cleaned the shader compiler working directory 'C:/Users/Raphael/AppData/Local/Temp/UnrealShaderWorkingDir/91B7DABE4959F7989724B08CB3DF54E3/'.
[2023.10.26-04.27.08:229][  0]LogXGEController: Cannot use XGE Controller as Incredibuild is not installed on this machine.
[2023.10.26-04.27.08:229][  0]LogShaderCompilers: Cannot use XGE Shader Compiler as Incredibuild is not installed on this machine.
[2023.10.26-04.27.08:229][  0]LogShaderCompilers: Display: Using Local Shader Compiler.
[2023.10.26-04.27.08:970][  0]LogDerivedDataCache: Display: Max Cache Size: 512 MB
[2023.10.26-04.27.09:023][  0]LogDerivedDataCache: Loaded boot cache 0.05s 94MB C:/Users/Raphael/AppData/Local/UnrealEngine/4.27/DerivedDataCache/Boot.ddc.
[2023.10.26-04.27.09:023][  0]LogDerivedDataCache: Display: Loaded Boot cache: C:/Users/Raphael/AppData/Local/UnrealEngine/4.27/DerivedDataCache/Boot.ddc
[2023.10.26-04.27.09:024][  0]LogDerivedDataCache: FDerivedDataBackendGraph:  Pak pak cache file C:/Users/Raphael/Documents/Unreal Projects/Cookies/DerivedDataCache/DDC.ddp not found, will not use a pak cache.
[2023.10.26-04.27.09:024][  0]LogDerivedDataCache: Unable to find inner node Pak for hierarchical cache Hierarchy.
[2023.10.26-04.27.09:024][  0]LogDerivedDataCache: FDerivedDataBackendGraph:  CompressedPak pak cache file C:/Users/Raphael/Documents/Unreal Projects/Cookies/DerivedDataCache/Compressed.ddp not found, will not use a pak cache.
[2023.10.26-04.27.09:024][  0]LogDerivedDataCache: Unable to find inner node CompressedPak for hierarchical cache Hierarchy.
[2023.10.26-04.27.09:045][  0]LogDerivedDataCache: Display: Pak cache opened for reading ../../../Engine/DerivedDataCache/Compressed.ddp.
[2023.10.26-04.27.09:045][  0]LogDerivedDataCache: FDerivedDataBackendGraph:  EnterprisePak pak cache file ../../../Enterprise/DerivedDataCache/Compressed.ddp not found, will not use a pak cache.
[2023.10.26-04.27.09:045][  0]LogDerivedDataCache: Unable to find inner node EnterprisePak for hierarchical cache Hierarchy.
[2023.10.26-04.27.09:054][  0]LogDerivedDataCache: Speed tests for C:/Users/Raphael/AppData/Local/UnrealEngine/Common/DerivedDataCache took 0.01 seconds
[2023.10.26-04.27.09:054][  0]LogDerivedDataCache: Display: Performance to C:/Users/Raphael/AppData/Local/UnrealEngine/Common/DerivedDataCache: Latency=0.04ms. RandomReadSpeed=683.14MBs, RandomWriteSpeed=132.40MBs. Assigned SpeedClass 'Local'
[2023.10.26-04.27.09:055][  0]LogDerivedDataCache: Using Local data cache path C:/Users/Raphael/AppData/Local/UnrealEngine/Common/DerivedDataCache: Writable
[2023.10.26-04.27.09:055][  0]LogDerivedDataCache: Shared data cache path not found in *engine.ini, will not use an Shared cache.
[2023.10.26-04.27.09:055][  0]LogDerivedDataCache: Unable to find inner node Shared for hierarchical cache Hierarchy.
[2023.10.26-04.27.09:071][  0]LogSlate: Using FreeType 2.10.0
[2023.10.26-04.27.09:072][  0]LogSlate: SlateFontServices - WITH_FREETYPE: 1, WITH_HARFBUZZ: 1
[2023.10.26-04.27.09:157][  0]LogInit: Using OS detected language (pt-BR).
[2023.10.26-04.27.09:157][  0]LogInit: Using OS detected locale (pt-BR).
[2023.10.26-04.27.09:157][  0]LogTextLocalizationManager: No localization for 'pt-BR' exists, so 'en' will be used for the language.
[2023.10.26-04.27.09:158][  0]LogTextLocalizationManager: No localization for 'pt-BR' exists, so 'en' will be used for the locale.
[2023.10.26-04.27.09:158][  0]LogSlate: FontCache flush requested. Reason: Culture for localization was changed
[2023.10.26-04.27.09:158][  0]LogSlate: FontCache flush requested. Reason: Culture for localization was changed
[2023.10.26-04.27.09:164][  0]LogAssetRegistry: FAssetRegistry took 0.0025 seconds to start up
[2023.10.26-04.27.09:363][  0]LogTextLocalizationManager: Compacting localization data took   0.01ms
[2023.10.26-04.27.09:363][  0]LogPackageLocalizationCache: Processed 27 localized package path(s) for 1 prioritized culture(s) in 0.001417 seconds
[2023.10.26-04.27.09:447][  0]LogInit: Selected Device Profile: [Windows]
[2023.10.26-04.27.09:448][  0]LogInit: Active device profile: [0000026D801C2500][0000026DF3E2AB40 49] Windows
[2023.10.26-04.27.09:448][  0]LogInit: Profiles: [0000026D801C2500][0000026DF3E2AB40 49] Windows, [0000026D8017A900][0000026DF3E2EC80 49] WindowsNoEditor, [0000026D801C2E00][0000026DF3E32DC0 49] WindowsServer, [0000026D80179300][0000026DF3E3AF40 49] WindowsClient, [0000026D801C1B00][0000026DF3E3F0C0 49] IOS, [0000026D8017BE00][0000026DF3E43240 49] iPadAir, [0000026D801C1500][0000026DF3E473C0 49] iPadAir2, [0000026D80122500][0000026DF3E4F680 49] IPadPro, [0000026D80122600][0000026DF3E4B6C0 49] iPadAir3, [0000026D801C2300][0000026DF3E53840 49] iPadAir4, [0000026D80122900][0000026DE58BF9C0 49] iPadMini2, [0000026D801C0100][0000026DE58C3B40 49] iPadMini3, [0000026D80122B00][0000026DE58C6140 49] iPadMini4, [0000026D801C2D00][0000026DE58CA2C0 49] iPadMini5, [0000026D80169E00][0000026DE58D2580 49] iPhone6, [0000026D80169F00][0000026DE58CE5C0 49] iPodTouch6, [0000026D80121F00][0000026DE58DA880 49] iPhone7, [0000026D80122000][0000026DE58D68C0 49] iPodTouch7, [0000026D8016A500][0000026DE58DEA40 49] iPhone5S, [0000026D80121500][0000026DE58E2BC0 49] iPhone6Plus, [0000026D8016A800][0000026DF3E36D00 49] iPhone6S, [0000026D80121300][0000026DE58E6E40 49] iPhone6SPlus, [0000026D80169D00][0000026DE58EAF80 49] iPhone7Plus, [0000026D80122A00][0000026DF9E130C0 49] iPhoneSE, [0000026D80169600][0000026DF9E1B240 49] iPhone8, [0000026D80122F00][0000026DF9E1F3C0 49] iPhone8Plus, [0000026D8016B800][0000026DF9E23540 49] iPhoneX, [0000026D80122800][0000026DF9E276C0 49] iPhoneXS, [0000026D80168A00][0000026DF9E2B840 49] iPhoneXSMax, [0000026D80123C00][0000026DF9E2F9C0 49] iPhoneXR, [0000026D8016B000][0000026DF9E33B40 49] iPhone11, [0000026D80120900][0000026DF9E36140 49] iPhone11Pro, [0000026D80168D00][0000026DF9E3A2C0 49] iPhone11ProMax, [0000026D80122400][0000026DF9E3E440 49] iPhoneSE2, [0000026D80168600][0000026DF9E425C0 49] iPhone12Mini, [0000026D80121E00][0000026DF9E46740 49] iPhone12, [0000026D8016A100][0000026DF9E4A8C0 49] iPhone12Pro, [0000026D80122100][0000026DF9170A40 49] iPhone12ProMax, [0000026D80169500][0000026DF9174BC0 49] iPadPro105, [0000026D80120E00][0000026DF9178D40 49] iPadPro129, [0000026D8016B500][0000026DF9E16E80 49] iPadPro97, [0000026D80122C00][0000026DF917CFC0 49] iPadPro2_129, [0000026D80169800][0000026DF9181100 49] iPad5, [0000026D80120800][0000026DF9185240 49] iPad6, [0000026D8016AD00][0000026DF918D3C0 49] iPad7, [0000026D8017AB00][0000026DF9191540 49] iPad8, [0000026D801FC900][0000026DF91956C0 49] iPadPro11, [0000026D80179C00][0000026DF9199840 49] iPadPro2_11, [0000026D801FD000][0000026DF919D9C0 49] iPadPro3_129, [0000026D80178400][0000026DF91A1B40 49] iPadPro4_129, [0000026D801FD600][0000026DF91A4140 49] AppleTV, [0000026D80178700][0000026DF91A82C0 49] AppleTV4K, [0000026D80123B00][0000026DF91AC440 49] TVOS, [0000026D80178900][0000026DF91B05C0 49] Mac, [0000026D80123F00][0000026DF91B4740 49] MacClient, [0000026D8017A000][0000026DF91B88C0 49] MacNoEditor, [0000026D80168300][0000026D80C00A40 49] MacServer, [0000026D80178500][0000026D80C04BC0 49] Linux, [0000026D8016AB00][0000026D80C08D40 49] LinuxAArch64, [0000026D80178600][0000026D80C0CEC0 49] LinuxNoEditor, [0000026D80169000][0000026D80C11040 49] LinuxAArch64NoEditor, [0000026D80178300][0000026DF9189180 49] LinuxClient, [0000026D8016BA00][0000026D80C152C0 49] LinuxAArch64Client, [0000026D80179D00][0000026D80C19400 49] LinuxServer, [0000026D8016B900][0000026D80C21580 49] LinuxAArch64Server, [0000026D8017A300][0000026D80C25700 49] Android, [0000026D80169400][0000026D80C29880 49] Android_Low, [0000026D80179600][0000026D80C2DA00 49] Android_Mid, [0000026D8016B300][0000026D80C31B80 49] Android_High, [0000026D8017A500][0000026D80C34180 49] Android_Default, [0000026D8016A300][0000026D80C38300 49] Android_Adreno4xx, [0000026D80179700][0000026D80C3C480 49] Android_Adreno5xx_Low, [0000026D80169B00][0000026D80C40600 49] Android_Adreno5xx, [0000026D8017A600][0000026D80C44780 49] Android_Adreno6xx, [0000026D8016BE00][0000026D80C48900 49] Android_Adreno6xx_Vulkan, [0000026D80178A00][0000026D80C4CA80 49] Android_Mali_T6xx, [0000026D8016AF00][0000026D80C50C00 49] Android_Mali_T7xx, [0000026D8017B600][0000026D80C54D80 49] Android_Mali_T8xx, [0000026D8016A600][0000026D80C58F00 49] Android_Mali_G71, [0000026D8017B000][0000026D80C5D080 49] Android_Mali_G72, [0000026D80168C00][0000026D80C61200 49] Android_Mali_G72_Vulkan, [0000026D8017B800][0000026D80C1D340 49] Android_Mali_G76, [0000026D8016AA00][0000026D80C65480 49] Android_Mali_G76_Vulkan, [0000026D80179800][0000026D80C695C0 49] Android_Mali_G77, [0000026D8016A700][0000026D80C71740 49] Android_Mali_G77_Vulkan, [0000026D80178200][0000026D80C758C0 49] Android_Mali_G78, [0000026D8016A200][0000026D80C79A40 49] Android_Mali_G78_Vulkan, [0000026D8017B700][0000026D80C7DBC0 49] Android_Mali_G710, [0000026D8016AE00][0000026D80C801C0 49] Android_Mali_G710_Vulkan, [0000026D80178B00][0000026D80C84340 49] Android_Vulkan_SM5, [0000026D80169700][0000026D80C884C0 49] Android_PowerVR_G6xxx, [0000026D8017AD00][0000026D80C8C640 49] Android_PowerVR_GT7xxx, [0000026D80168B00][0000026D80C907C0 49] Android_PowerVR_GE8xxx, [0000026D8017BD00][0000026D80C94940 49] Android_PowerVR_GM9xxx, [0000026D8016BF00][0000026D80C98AC0 49] Android_PowerVR_GM9xxx_Vulkan, [0000026D8017AE00][0000026D80C9CC40 49] Android_TegraK1, [0000026D80169C00][0000026D80CA0DC0 49] Android_Unknown_Vulkan, [0000026D8017B200][0000026D80CA4F40 49] Lumin, [0000026D8016B400][0000026D80CA90C0 49] Lumin_Desktop, [0000026D801C1C00][0000026D80CAD240 49] HoloLens, 
[2023.10.26-04.27.09:496][  0]LogMeshReduction: Using QuadricMeshReduction for automatic static mesh reduction
[2023.10.26-04.27.09:496][  0]LogMeshReduction: Using SimplygonMeshReduction for automatic skeletal mesh reduction
[2023.10.26-04.27.09:496][  0]LogMeshReduction: Using ProxyLODMeshReduction for automatic mesh merging
[2023.10.26-04.27.09:496][  0]LogMeshReduction: No distributed automatic mesh merging module available
[2023.10.26-04.27.09:496][  0]LogMeshMerging: No distributed automatic mesh merging module available
[2023.10.26-04.27.09:601][  0]LogNetVersion: Cookies 1.0.0, NetCL: 17155196, EngineNetVer: 17, GameNetVer: 0 (Checksum: 640226967)
[2023.10.26-04.27.09:655][  0]LogMaterial: Display: Missing cached shadermap for M_ChromeBall in PCD3D_ES3_1, Default, ES3_1 (DDC key hash: 411D7BFCF981969D6F5E959E851AE6D85498F087), compiling. 
[2023.10.26-04.27.09:788][  0]LogShaderCompilers: Display: Submitted 64 shader compile jobs with 'Low' priority
[2023.10.26-04.27.09:798][  0]LogShaderCompilers: Display: Worker (1/5): shaders left to compile 64
[2023.10.26-04.27.09:798][  0]LogShaderCompilers: Display: Worker (2/5): shaders left to compile 54
[2023.10.26-04.27.09:798][  0]LogShaderCompilers: Display: Worker (3/5): shaders left to compile 44
[2023.10.26-04.27.09:798][  0]LogShaderCompilers: Display: Worker (4/5): shaders left to compile 34
[2023.10.26-04.27.09:798][  0]LogShaderCompilers: Display: Worker (5/5): shaders left to compile 24
[2023.10.26-04.27.09:798][  0]LogShaderCompilers: Display: Started 50 'Local' shader compile jobs with 'Low' priority
[2023.10.26-04.27.09:798][  0]LogMaterial: Display: Missing cached shadermap for DefaultTextMaterialOpaque in PCD3D_ES3_1, Default, ES3_1 (DDC key hash: FEE0D9598D35D7805EBB0C3909030492D7463FEE), compiling. 
[2023.10.26-04.27.09:843][  0]LogShaderCompilers: Display: Submitted 26 shader compile jobs with 'Low' priority
[2023.10.26-04.27.09:858][  0]LogTexture: Warning: VolumeTexture /Engine/EngineSky/VolumetricClouds/T_VolumeNoiseErosion32.T_VolumeNoiseErosion32 cannot be created, rhi does not support format DXT1.
[2023.10.26-04.27.09:859][  0]LogTexture: Warning: VolumeTexture /Engine/EngineSky/VolumetricClouds/T_VolumeNoiseShape64.T_VolumeNoiseShape64 cannot be created, rhi does not support format DXT1.
[2023.10.26-04.27.09:861][  0]LogMaterial: Display: Missing cached shadermap for m_SimpleVolumetricCloud in PCD3D_ES3_1, Default, ES3_1 (DDC key hash: 48AD591D280EE4B1DFA5ADE8BA11340CA7F131CF), compiling. 
[2023.10.26-04.27.09:878][  0]LogShaderCompilers: Display: Submitted 12 shader compile jobs with 'Low' priority
[2023.10.26-04.27.09:889][  0]LogMaterial: Display: Missing cached shadermap for BaseFlattenMaterial in PCD3D_ES3_1, Default, ES3_1 (DDC key hash: 0E44C3A6BC8434BB44C1A358081C21ACEB5DAB2B), compiling. 
[2023.10.26-04.27.09:949][  0]LogShaderCompilers: Display: Submitted 56 shader compile jobs with 'Low' priority
[2023.10.26-04.27.10:033][  0]LogMaterial: Display: Missing cached shadermap for Xray in PCD3D_ES3_1, Default, ES3_1 (DDC key hash: 0CCF54E0B36E167AC2BB68C0D73140804E66F287), compiling. 
[2023.10.26-04.27.10:055][  0]LogShaderCompilers: Display: Submitted 17 shader compile jobs with 'Low' priority
[2023.10.26-04.27.10:058][  0]LogMaterial: Display: Missing cached shadermap for Main in PCD3D_ES3_1, Default, ES3_1 (DDC key hash: F233F6BF0B9FB5EED0C0E050BD87CFBAA119935F), compiling. 
[2023.10.26-04.27.10:065][  0]LogShaderCompilers: Display: Submitted 4 shader compile jobs with 'Low' priority
[2023.10.26-04.27.10:075][  0]LogMaterial: Display: Missing cached shadermap for Widget3DPassThrough in PCD3D_ES3_1, Default, ES3_1 (DDC key hash: 087FA36A32D5A17F52C716850D04F451825F0D6B), compiling. 
[2023.10.26-04.27.10:082][  0]LogShaderCompilers: Display: Submitted 4 shader compile jobs with 'Low' priority
[2023.10.26-04.27.10:083][  0]LogMaterial: Display: Missing cached shadermap for Widget3DPassThrough_Translucent in PCD3D_ES3_1, Default, ES3_1 (DDC key hash: E631D431647AA1658450F9FC8FCBA0ED88D88E4F), compiling. 
[2023.10.26-04.27.10:093][  0]LogShaderCompilers: Display: Submitted 6 shader compile jobs with 'Low' priority
[2023.10.26-04.27.10:097][  0]LogMaterial: Display: Missing cached shadermap for Widget3DPassThrough_Opaque in PCD3D_ES3_1, Default, ES3_1 (DDC key hash: 446347283B2E8C1771086E980F59DE510FA73CF7), compiling. 
[2023.10.26-04.27.10:104][  0]LogShaderCompilers: Display: Submitted 6 shader compile jobs with 'Low' priority
[2023.10.26-04.27.10:106][  0]LogMaterial: Display: Missing cached shadermap for Widget3DPassThrough_Opaque_OneSided in PCD3D_ES3_1, Default, ES3_1 (DDC key hash: 4CA995D7D7C3E8A58FAB761B4FFB4F600C78168B), compiling. 
[2023.10.26-04.27.10:112][  0]LogShaderCompilers: Display: Submitted 4 shader compile jobs with 'Low' priority
[2023.10.26-04.27.10:114][  0]LogMaterial: Display: Missing cached shadermap for Widget3DPassThrough_Masked in PCD3D_ES3_1, Default, ES3_1 (DDC key hash: 14023BC552A01C22292381E6FBA7AA640A00D325), compiling. 
[2023.10.26-04.27.10:129][  0]LogShaderCompilers: Display: Submitted 13 shader compile jobs with 'Low' priority
[2023.10.26-04.27.10:132][  0]LogMaterial: Display: Missing cached shadermap for Widget3DPassThrough_Masked_OneSided in PCD3D_ES3_1, Default, ES3_1 (DDC key hash: C34BDAF90795B58A1C961D0A932F613A4E899D62), compiling. 
[2023.10.26-04.27.10:146][  0]LogShaderCompilers: Display: Submitted 13 shader compile jobs with 'Low' priority
[2023.10.26-04.27.10:154][  0]LogMaterial: Display: Missing cached shadermap for Widget3DCameraPassThrough_Opaque_OneSided in PCD3D_ES3_1, Default, ES3_1 (DDC key hash: B9886122CEAE65D53453EFFC78C8514C303BD80F), compiling. 
[2023.10.26-04.27.10:162][  0]LogShaderCompilers: Display: Submitted 4 shader compile jobs with 'Low' priority
[2023.10.26-04.27.10:171][  0]LogMaterial: Display: Missing cached shadermap for TranslucentTransformGizmoMaterial in PCD3D_ES3_1, Default, ES3_1 (DDC key hash: 8A858361C7995339EA2FC93A381F0A92638F3A21), compiling. 
[2023.10.26-04.27.10:180][  0]LogShaderCompilers: Display: Submitted 4 shader compile jobs with 'Low' priority
[2023.10.26-04.27.10:182][  0]LogMaterial: Display: Missing cached shadermap for TransformGizmoMaterial in PCD3D_ES3_1, Default, ES3_1 (DDC key hash: 77E9CDFA7F0C677B3EE6B0450671CFA1E4A80258), compiling. 
[2023.10.26-04.27.10:189][  0]LogShaderCompilers: Display: Submitted 4 shader compile jobs with 'Low' priority
[2023.10.26-04.27.10:201][  0]LogMaterial: Display: Missing cached shadermap for CineMat in PCD3D_ES3_1, Default, ES3_1 (DDC key hash: 125FB78ACBE35DCE1BEEA6623335CF41C30A31FA), compiling. 
[2023.10.26-04.27.10:238][  0]LogShaderCompilers: Display: Submitted 34 shader compile jobs with 'Low' priority
[2023.10.26-04.27.10:254][  0]LogMaterial: Display: Missing cached shadermap for M_SimpleOpaque in PCD3D_ES3_1, Default, ES3_1 (DDC key hash: 623C7A7FD881D31422B90E543753F3147F62B36D), compiling. 
[2023.10.26-04.27.10:272][  0]LogShaderCompilers: Display: Submitted 17 shader compile jobs with 'Low' priority
[2023.10.26-04.27.10:280][  0]LogMaterial: Display: Missing cached shadermap for M_SimpleUnlitTranslucent in PCD3D_ES3_1, Default, ES3_1 (DDC key hash: 4352A21F596CE124DD8D22AE709F35A29FCB54A9), compiling. 
[2023.10.26-04.27.10:286][  0]LogShaderCompilers: Display: Submitted 4 shader compile jobs with 'Low' priority
[2023.10.26-04.27.10:401][  0]LogMaterial: Display: Missing cached shadermap for SkySphereMaterial in PCD3D_ES3_1, Default, ES3_1 (DDC key hash: 0CD5F94B3CDBBFCD0318E1D8587F6C7D15BEB789), compiling. 
[2023.10.26-04.27.10:407][  0]LogShaderCompilers: Display: Submitted 4 shader compile jobs with 'Low' priority
[2023.10.26-04.27.10:417][  0]LogMaterial: Display: Missing cached shadermap for FloorPlaneMaterial in PCD3D_ES3_1, Default, ES3_1 (DDC key hash: E91614D6A85CEDA5076B2E71AF80C0CF4858D2A5), compiling. 
[2023.10.26-04.27.10:498][  0]LogShaderCompilers: Display: Submitted 47 shader compile jobs with 'Low' priority
[2023.10.26-04.27.10:500][  0]LogTexture: Default maximum texture size for cubemaps generated from long-lat sources has been changed from 512 to unlimited. In order to preserve old behaiour for '/Engine/MapTemplates/Sky/DaylightAmbientCubemap.DaylightAmbientCubemap', its maximum texture size has been explicitly set to 512.
[2023.10.26-04.27.10:568][  0]LogMaterial: Display: Missing cached shadermap for LandscapeGizmo_Mat in PCD3D_ES3_1, Default, ES3_1 (DDC key hash: 521AFBF897B359D388AD236E6790A02AAFC801FF), compiling. 
[2023.10.26-04.27.10:588][  0]LogShaderCompilers: Display: Submitted 13 shader compile jobs with 'Low' priority
[2023.10.26-04.27.10:601][  0]LogMaterial: Display: Missing cached shadermap for LandscapeGizmoHeight_Mat in PCD3D_ES3_1, Default, ES3_1 (DDC key hash: 27F96617D30361335C9A220F5F5B8A7F43C3087C), compiling. 
[2023.10.26-04.27.10:690][  0]LogShaderCompilers: Display: Submitted 57 shader compile jobs with 'Low' priority
[2023.10.26-04.27.10:699][  0]LogMaterial: Display: Missing cached shadermap for SplineEditorMeshMat in PCD3D_ES3_1, Default, ES3_1 (DDC key hash: 111D21999C5FF816ACB895596065D238C1E00085), compiling. 
[2023.10.26-04.27.10:717][  0]LogShaderCompilers: Display: Submitted 12 shader compile jobs with 'Low' priority
[2023.10.26-04.27.10:734][  0]LogMaterial: Display: Missing cached shadermap for PokeAHoleMaterial in PCD3D_ES3_1, Default, ES3_1 (DDC key hash: D778CF52CA4D7AD80E05CC94898F023CF5BBBDDF), compiling. 
[2023.10.26-04.27.10:746][  0]LogShaderCompilers: Display: Submitted 4 shader compile jobs with 'Low' priority
[2023.10.26-04.27.10:747][  0]LogHMD: PokeAHoleMaterial loaded successfully
[2023.10.26-04.27.11:003][  0]LogMoviePlayer: Initializing movie player
[2023.10.26-04.27.11:188][  0]LogNiagaraDebuggerClient: Niagara Debugger Client Initialized | Session: 4E0BE71646DB132B8D11C5851A4D00DE | Instance: E181A3C446CA9149081E06A5355803FC (DESKTOP-GB05CPM-9928).
[2023.10.26-04.27.11:231][  0]LogCollectionManager: Loaded 0 collections in 0.001632 seconds
[2023.10.26-04.27.11:235][  0]LogFileCache: Scanning file cache for directory 'C:/Users/Raphael/Documents/Unreal Projects/Cookies/Saved/Collections/' took 0.00s
[2023.10.26-04.27.11:236][  0]LogFileCache: Scanning file cache for directory 'C:/Users/Raphael/Documents/Unreal Projects/Cookies/Content/Developers/Raphael/Collections/' took 0.00s
[2023.10.26-04.27.11:236][  0]LogCollectionManager: Fixed up redirectors for 0 collections in 0.000003 seconds (updated 0 objects)
[2023.10.26-04.27.11:359][  0]LogFileCache: Scanning file cache for directory 'C:/Users/Raphael/Documents/Unreal Projects/Cookies/Content/Collections/' took 0.00s
[2023.10.26-04.27.11:359][  0]LogMaterial: Display: Missing cached shadermap for DefaultMaterial in PCD3D_ES3_1, Default, ES3_1 (DDC key hash: 8B86A02B7A8CDCAFF22697562350B6F349DF95FF), compiling. 
[2023.10.26-04.27.11:747][  0]LogShaderCompilers: Display: Submitted 260 shader compile jobs with 'Low' priority
[2023.10.26-04.27.11:750][  0]LogMaterial: Display: Missing cached shadermap for M_Emissive_Color in PCD3D_ES3_1, Default, ES3_1 (DDC key hash: 5C881BE4F3C3D2FAA136AD5619A1F3D422C867C9), compiling. 
[2023.10.26-04.27.11:757][  0]LogShaderCompilers: Display: Submitted 4 shader compile jobs with 'Low' priority
[2023.10.26-04.27.11:762][  0]LogMaterial: Display: Missing cached shadermap for VertexColorMaterial in PCD3D_ES3_1, Default, ES3_1 (DDC key hash: 2F5325A2776B067E268280D070A2D18D48FC5498), compiling. 
[2023.10.26-04.27.11:915][  0]LogShaderCompilers: Display: Submitted 95 shader compile jobs with 'Low' priority
[2023.10.26-04.27.11:921][  0]LogMaterial: Display: Missing cached shadermap for WireframeMaterial in PCD3D_ES3_1, Default, ES3_1 (DDC key hash: 7DE8BBFBF0C02A7990B86ACF310CCCCEF7629542), compiling. Is special engine material.
[2023.10.26-04.27.12:318][  0]LogShaderCompilers: Display: Submitted 288 shader compile jobs with 'Low' priority
[2023.10.26-04.27.12:402][  0]LogTcpMessaging: Initializing TcpMessaging bridge
[2023.10.26-04.27.12:418][  0]LogUdpMessaging: Initializing bridge on interface 0.0.0.0:0 to multicast group 230.0.0.1:6666.
[2023.10.26-04.27.12:571][  0]LogPython: Using Python 3.7.7
[2023.10.26-04.27.13:854][  0]SourceControl: Source control is disabled
[2023.10.26-04.27.13:854][  0]SourceControl: Source control is disabled
[2023.10.26-04.27.13:859][  0]SourceControl: Source control is disabled
[2023.10.26-04.27.13:878][  0]LogUProjectInfo: Found projects:
[2023.10.26-04.27.13:900][  0]LogVSAccessor: Display: Unable to create Visual Studio setup instance: 80040154
[2023.10.26-04.27.13:901][  0]LogVSAccessor: Display: Unable to create Visual Studio setup instance: 80040154
[2023.10.26-04.27.13:978][  0]LogVSAccessor: Display: Unable to create Visual Studio setup instance: 80040154
[2023.10.26-04.27.14:058][  0]LogAndroidPermission: UAndroidPermissionCallbackProxy::GetInstance
[2023.10.26-04.27.14:106][  0]LogAudioCaptureCore: Display: No Audio Capture implementations found. Audio input will be silent.
[2023.10.26-04.27.14:107][  0]LogAudioCaptureCore: Display: No Audio Capture implementations found. Audio input will be silent.
[2023.10.26-04.27.14:204][  0]LogMaterial: Display: Missing cached shadermap for M_VolumeRenderSphereTracePP in PCD3D_ES3_1, Default, ES3_1 (DDC key hash: B8395C9107B8BF42A8240A3B0FB74E255DF059E8), compiling. 
[2023.10.26-04.27.14:220][  0]LogShaderCompilers: Display: Submitted 6 shader compile jobs with 'Low' priority
[2023.10.26-04.27.14:438][  0]LogOpenImageDenoise: OIDN starting up
[2023.10.26-04.27.14:475][  0]LogMaterial: Display: Missing cached shadermap for OculusMR_ChromaKey in PCD3D_ES3_1, Default, ES3_1 (DDC key hash: 5356510652BE66D3102250365C2C909FF127AC63), compiling. 
[2023.10.26-04.27.14:489][  0]LogShaderCompilers: Display: Submitted 4 shader compile jobs with 'Low' priority
[2023.10.26-04.27.14:492][  0]LogMaterial: Display: Missing cached shadermap for OculusMR_OpaqueColoredMaterial in PCD3D_ES3_1, Default, ES3_1 (DDC key hash: 88264F71A75BD86C9D7217ABD9C8F2131C2551E2), compiling. 
[2023.10.26-04.27.14:499][  0]LogShaderCompilers: Display: Submitted 4 shader compile jobs with 'Low' priority
[2023.10.26-04.27.14:501][  0]LogOcInput: OculusInput pre-init called
[2023.10.26-04.27.14:527][  0]LogUObjectArray: 22121 objects as part of root set at end of initial load.
[2023.10.26-04.27.14:527][  0]LogUObjectAllocator: 5975632 out of 0 bytes used by permanent object pool.
[2023.10.26-04.27.14:527][  0]LogUObjectArray: CloseDisregardForGC: 0/0 objects in disregard for GC pool
[2023.10.26-04.27.14:559][  0]LogMaterial: Display: Missing cached shadermap for HighResScreenshot in PCD3D_ES3_1, Default, ES3_1 (DDC key hash: 7F7DD3D647FF1F2DA3DAEE543F85036FFE072097), compiling. 
[2023.10.26-04.27.14:571][  0]LogShaderCompilers: Display: Submitted 6 shader compile jobs with 'Low' priority
[2023.10.26-04.27.14:575][  0]LogMaterial: Display: Missing cached shadermap for HighResScreenshotMask in PCD3D_ES3_1, Default, ES3_1 (DDC key hash: 229B82D815D62DEAE009A1199B61114B9CA0E724), compiling. 
[2023.10.26-04.27.14:589][  0]LogShaderCompilers: Display: Submitted 6 shader compile jobs with 'Low' priority
[2023.10.26-04.27.14:598][  0]LogMaterial: Display: Missing cached shadermap for HighResScreenshotCaptureRegion in PCD3D_ES3_1, Default, ES3_1 (DDC key hash: A5C406DE51755EB200E2D0DB88AB4A10FA75F938), compiling. 
[2023.10.26-04.27.14:612][  0]LogShaderCompilers: Display: Submitted 6 shader compile jobs with 'Low' priority
[2023.10.26-04.27.14:705][  0]LogEngine: Initializing Engine...
[2023.10.26-04.27.14:713][  0]LogHMD: Failed to enumerate extensions. Please check that you have a valid OpenXR runtime installed.
[2023.10.26-04.27.14:714][  0]LogHMD: Failed to initialize OpenVR with code 110
[2023.10.26-04.27.14:714][  0]LogMagicLeap: Warning: VR disabled because ZI is not enabled.  To enable, in the editor, Edit -> Project Settings -> Plugins -> Magic Leap Plugin -> Enable Zero Iteration
[2023.10.26-04.27.14:722][  0]LogStats: UGameplayTagsManager::InitializeManager -  0.000 s
[2023.10.26-04.27.14:731][  0]LogMaterial: Display: Missing cached shadermap for LevelColorationLitMaterial in PCD3D_ES3_1, Default, ES3_1 (DDC key hash: C780FED87902D7EA83F49A060370619CB51F245F), compiling. Is special engine material.
[2023.10.26-04.27.15:578][  0]LogShaderCompilers: Display: Submitted 699 shader compile jobs with 'Low' priority
[2023.10.26-04.27.15:585][  0]LogMaterial: Display: Missing cached shadermap for LevelColorationUnlitMaterial in PCD3D_ES3_1, Default, ES3_1 (DDC key hash: 686BC835A2D3834B406A580F2FCA5EDF2EE10BBE), compiling. Is special engine material.
[2023.10.26-04.27.15:836][  0]LogShaderCompilers: Display: Submitted 246 shader compile jobs with 'Low' priority
[2023.10.26-04.27.15:845][  0]LogMaterial: Display: Missing cached shadermap for MAT_LevelColorationLitLightmapUV in PCD3D_ES3_1, Default, ES3_1 (DDC key hash: C9FA8D0DE01E189FFE9743C5D71B9058272B8348), compiling. Is special engine material.
[2023.10.26-04.27.16:701][  0]LogShaderCompilers: Display: Submitted 699 shader compile jobs with 'Low' priority
[2023.10.26-04.27.16:845][  0]LogInit: Initializing FReadOnlyCVARCache
[2023.10.26-04.27.16:845][  0]LogAudio: Display: Initializing Audio Device Manager...
[2023.10.26-04.27.16:856][  0]LogAudio: Display: Loading Default Audio Settings Objects...
[2023.10.26-04.27.16:857][  0]LogAudio: Display: No default SoundConcurrencyObject specified (or failed to load).
[2023.10.26-04.27.16:858][  0]LogAudio: Display: Audio Device Manager Initialized
[2023.10.26-04.27.16:858][  0]LogAudio: Display: Creating Audio Device:                 Id: 1, Scope: Shared, Realtime: True
[2023.10.26-04.27.16:858][  0]LogAudioMixer: Display: Audio Mixer Platform Settings:
[2023.10.26-04.27.16:858][  0]LogAudioMixer: Display: 	Sample Rate:						  48000
[2023.10.26-04.27.16:858][  0]LogAudioMixer: Display: 	Callback Buffer Frame Size Requested: 1024
[2023.10.26-04.27.16:858][  0]LogAudioMixer: Display: 	Callback Buffer Frame Size To Use:	  1024
[2023.10.26-04.27.16:858][  0]LogAudioMixer: Display: 	Number of buffers to queue:			  2
[2023.10.26-04.27.16:858][  0]LogAudioMixer: Display: 	Max Channels (voices):				  32
[2023.10.26-04.27.16:858][  0]LogAudioMixer: Display: 	Number of Async Source Workers:		  0
[2023.10.26-04.27.16:858][  0]LogAudio: Display: AudioDevice MaxSources: 32
[2023.10.26-04.27.16:859][  0]LogAudio: Display: Audio Spatialization Plugin: None (built-in).
[2023.10.26-04.27.16:859][  0]LogAudio: Display: Audio Reverb Plugin: None (built-in).
[2023.10.26-04.27.16:859][  0]LogAudio: Display: Audio Occlusion Plugin: None (built-in).
[2023.10.26-04.27.16:859][  0]LogAudioMixer: Display: Initializing audio mixer.
[2023.10.26-04.27.16:905][  0]LogAudioMixer: Display: 0: FrontLeft
[2023.10.26-04.27.16:905][  0]LogAudioMixer: Display: 1: FrontRight
[2023.10.26-04.27.16:972][  0]LogAudioMixer: Display: Using Audio Device Alto-falantes (Realtek(R) Audio)
[2023.10.26-04.27.16:983][  0]LogAudioMixer: Display: Initializing Sound Submixes...
[2023.10.26-04.27.16:988][  0]LogAudioMixer: Display: Creating Master Submix 'MasterSubmixDefault'
[2023.10.26-04.27.16:989][  0]LogAudioMixer: Display: Creating Master Submix 'MasterReverbSubmixDefault'
[2023.10.26-04.27.16:990][  0]LogAudioMixer: Display: Creating Master Submix 'MasterEQSubmixDefault'
[2023.10.26-04.27.16:990][  0]LogAudioMixer: FMixerPlatformXAudio2::StartAudioStream() called
[2023.10.26-04.27.16:990][  0]LogAudioMixer: Display: Output buffers initialized: Frames=1024, Channels=2, Samples=2048
[2023.10.26-04.27.16:992][  0]LogAudioMixer: Display: Starting AudioMixerPlatformInterface::RunInternal()
[2023.10.26-04.27.16:992][  0]LogAudioMixer: Display: FMixerPlatformXAudio2::SubmitBuffer() called for the first time
[2023.10.26-04.27.16:992][  0]LogInit: FAudioDevice initialized.
[2023.10.26-04.27.16:997][  0]LogNetVersion: Set ProjectVersion to 1.0.0.0. Version Checksum will be recalculated on next use.
[2023.10.26-04.27.16:999][  0]LogInit: Texture streaming: Enabled
[2023.10.26-04.27.17:169][  0]LogAudio: Display: Audio Device (ID: 1) registered with world 'Untitled'.
[2023.10.26-04.27.17:170][  0]LogSlate: Updating window title bar state: overlay mode, drag disabled, window buttons hidden, title bar hidden
[2023.10.26-04.27.17:171][  0]LogInit: Display: Game Engine Initialized.
[2023.10.26-04.27.17:171][  0]LogNiagaraEditor: GEditor isn't valid! Particle reset commands will not work for Niagara components!
[2023.10.26-04.27.17:422][  0]LogInit: Display: Starting Game.
[2023.10.26-04.27.17:422][  0]LogNet: Browse: /Game/MobileStarterContent/MainGame/MainLevel?Name=Player
[2023.10.26-04.27.17:422][  0]LogLoad: LoadMap: /Game/MobileStarterContent/MainGame/MainLevel?Name=Player
[2023.10.26-04.27.17:422][  0]LogWorld: BeginTearingDown for /Temp/Untitled_0
[2023.10.26-04.27.17:426][  0]LogWorld: UWorld::CleanupWorld for Untitled, bSessionEnded=true, bCleanupResources=true
[2023.10.26-04.27.17:426][  0]LogSlate: InvalidateAllWidgets triggered.  All widgets were invalidated
[2023.10.26-04.27.17:444][  0]LogAudio: Display: Audio Device unregistered from world 'None'.
[2023.10.26-04.27.17:450][  0]LogUObjectHash: Compacting FUObjectHashTables data took   1.63ms
[2023.10.26-04.27.17:459][  0]LogAudio: Display: Audio Device (ID: 1) registered with world 'MainLevel'.
[2023.10.26-04.27.17:473][  0]LogAIModule: Creating AISystem for world MainLevel
[2023.10.26-04.27.17:474][  0]LogLoad: Game class is 'GameModeBase'
[2023.10.26-04.27.17:476][  0]LogWorld: Bringing World /Game/MobileStarterContent/MainGame/MainLevel.MainLevel up for play (max tick rate 0) at 2023.10.26-01.27.17
[2023.10.26-04.27.17:476][  0]LogWorld: Bringing up level for play took: 0.000883
[2023.10.26-04.27.17:477][  0]LogGameMode: FindPlayerStart: PATHS NOT DEFINED or NO PLAYERSTART with positive rating
[2023.10.26-04.27.17:496][  0]LogViewport: Display: Player bShowMouseCursor Changed, False -> True
[2023.10.26-04.27.17:505][  0]LogLoad: Took 0.082814 seconds to LoadMap(/Game/MobileStarterContent/MainGame/MainLevel)
[2023.10.26-04.27.17:750][  0]LogSlate: Took 0.000224 seconds to synchronously load lazily loaded font '../../../Engine/Content/Slate/Fonts/Roboto-Regular.ttf' (155K)
[2023.10.26-04.27.17:854][  0]LogRenderer: Reallocating scene render targets to support 420x700 Format 10 NumSamples 1 (Frame:1).
[2023.10.26-04.27.17:854][  0]LogInit: Display: Engine is initialized. Leaving FEngineLoop::Init()
[2023.10.26-04.27.17:854][  0]LogLoad: (Engine Initialization) Total time: 12.33 seconds
[2023.10.26-04.27.17:854][  0]LogLoad: (Engine Initialization) Total Blueprint compile time: 0.00 seconds
[2023.10.26-04.27.17:861][  0]LogContentStreaming: Texture pool size now 1000 MB
[2023.10.26-04.27.17:865][  0]LogSlate: InvalidateAllWidgets triggered.  All widgets were invalidated
[2023.10.26-04.27.17:890][  1]LogSlate: Took 0.000270 seconds to synchronously load lazily loaded font '../../../Engine/Content/Slate/Fonts/Roboto-Regular.ttf' (155K)
[2023.10.26-04.27.19:403][566]LogShaderCompilers: Display: Worker (4/5): shaders left to compile 2702
[2023.10.26-04.27.19:403][566]LogShaderCompilers: Display: Started 10 'Local' shader compile jobs with 'Low' priority
[2023.10.26-04.27.21:140][308]LogShaderCompilers: Display: Worker (1/5): shaders left to compile 2692
[2023.10.26-04.27.21:140][308]LogShaderCompilers: Display: Started 10 'Local' shader compile jobs with 'Low' priority
[2023.10.26-04.27.21:835][630]LogShaderCompilers: Display: Worker (3/5): shaders left to compile 2682
[2023.10.26-04.27.21:835][630]LogShaderCompilers: Display: Started 10 'Local' shader compile jobs with 'Low' priority
[2023.10.26-04.27.21:974][693]LogShaderCompilers: Display: Worker (2/5): shaders left to compile 2672
[2023.10.26-04.27.21:974][693]LogShaderCompilers: Display: Started 10 'Local' shader compile jobs with 'Low' priority
[2023.10.26-04.27.23:873][557]LogWindowsDesktop: Alt-F4 pressed!
[2023.10.26-04.27.23:883][557]LogSlate: Window 'Cookies (64-bit Development PCD3D_ES31) ' being destroyed
[2023.10.26-04.27.23:884][557]LogWindowsTextInputMethodSystem: Display: IME system deactivated.
[2023.10.26-04.27.23:891][557]LogSlate: Updating window title bar state: overlay mode, drag disabled, window buttons hidden, title bar hidden
[2023.10.26-04.27.23:891][557]LogEngine: All Windows Closed
[2023.10.26-04.27.23:892][557]LogWindows: FPlatformMisc::RequestExit(0)
[2023.10.26-04.27.23:892][557]LogWindows: FPlatformMisc::RequestExitWithStatus(0, 0)
[2023.10.26-04.27.23:892][557]LogCore: Engine exit requested (reason: Win RequestExit)
[2023.10.26-04.27.23:893][558]LogCore: Engine exit requested (reason: EngineExit() was called; note: exit was already requested)
[2023.10.26-04.27.23:893][558]LogInit: Display: PreExit Game.
[2023.10.26-04.27.23:919][558]LogWorld: BeginTearingDown for /Game/MobileStarterContent/MainGame/MainLevel
[2023.10.26-04.27.23:919][558]LogWorld: UWorld::CleanupWorld for MainLevel, bSessionEnded=true, bCleanupResources=true
[2023.10.26-04.27.23:919][558]LogSlate: InvalidateAllWidgets triggered.  All widgets were invalidated
[2023.10.26-04.27.24:732][558]LogAudio: Display: Beginning Audio Device Manager Shutdown (Module: AudioMixerXAudio2)...
[2023.10.26-04.27.24:732][558]LogAudio: Display: Destroying 1 Remaining Audio Device(s)...
[2023.10.26-04.27.24:732][558]LogAudio: Display: Audio Device unregistered from world 'MainLevel'.
[2023.10.26-04.27.24:756][558]LogAudioMixer: FMixerPlatformXAudio2::StopAudioStream() called
[2023.10.26-04.27.24:757][558]LogAudioMixer: FMixerPlatformXAudio2::StopAudioStream() called
[2023.10.26-04.27.24:764][558]LogAudio: Display: Audio Device Manager Shutdown
[2023.10.26-04.27.24:769][558]LogExit: Preparing to exit.
[2023.10.26-04.27.24:777][558]LogSlate: Updating window title bar state: overlay mode, drag disabled, window buttons hidden, title bar hidden
[2023.10.26-04.27.24:781][558]LogUObjectHash: Compacting FUObjectHashTables data took   2.42ms
[2023.10.26-04.27.25:431][558]LogMoviePlayer: Shutting down movie player
[2023.10.26-04.27.25:711][558]LogDemo: Cleaned up 0 splitscreen connections with owner deletion
[2023.10.26-04.27.25:722][558]LogExit: Game engine shut down
[2023.10.26-04.27.25:818][558]LogExit: Object subsystem successfully closed.
[2023.10.26-04.27.25:846][558]LogShaderCompilers: Display: === FShaderJobCache stats ===
[2023.10.26-04.27.25:846][558]LogShaderCompilers: Display: Total job queries 2752, among them cache hits 0 (0.00%)
[2023.10.26-04.27.25:846][558]LogShaderCompilers: Display: Tracking 50 distinct input hashes that result in 38 distinct outputs (76.00%)
[2023.10.26-04.27.25:846][558]LogShaderCompilers: Display: RAM used: 0.35 MB (0.00 GB) of 1638.40 MB (1.60 GB) budget. Usage: 0.02%
[2023.10.26-04.27.25:846][558]LogShaderCompilers: Display: ================================================
[2023.10.26-04.27.25:856][558]LogShaderCompilers: Display: Shaders left to compile 0
[2023.10.26-04.27.25:869][558]LogModuleManager: Shutting down and abandoning module SequenceRecorderSections (558)
[2023.10.26-04.27.25:870][558]LogModuleManager: Shutting down and abandoning module SequenceRecorder (556)
[2023.10.26-04.27.25:870][558]LogModuleManager: Shutting down and abandoning module AutomationController (554)
[2023.10.26-04.27.25:870][558]LogModuleManager: Shutting down and abandoning module AutomationWorker (552)
[2023.10.26-04.27.25:870][558]LogModuleManager: Shutting down and abandoning module Voice (550)
[2023.10.26-04.27.25:870][558]LogModuleManager: Shutting down and abandoning module AIModule (548)
[2023.10.26-04.27.25:870][558]LogModuleManager: Shutting down and abandoning module GameplayDebugger (547)
[2023.10.26-04.27.25:870][558]LogModuleManager: Shutting down and abandoning module AITestSuite (545)
[2023.10.26-04.27.25:870][558]LogModuleManager: Shutting down and abandoning module NavigationSystem (543)
[2023.10.26-04.27.25:870][558]LogModuleManager: Shutting down and abandoning module SteamVREditor (540)
[2023.10.26-04.27.25:870][558]LogModuleManager: Shutting down and abandoning module ToolMenus (539)
[2023.10.26-04.27.25:870][558]LogModuleManager: Shutting down and abandoning module OculusMR (536)
[2023.10.26-04.27.25:870][558]LogModuleManager: Shutting down and abandoning module PlanarCut (534)
[2023.10.26-04.27.25:870][558]LogModuleManager: Shutting down and abandoning module CharacterAI (532)
[2023.10.26-04.27.25:870][558]LogModuleManager: Shutting down and abandoning module TakeRecorderSources (530)
[2023.10.26-04.27.25:870][558]LogModuleManager: Shutting down and abandoning module TakeRecorder (529)
[2023.10.26-04.27.25:870][558]LogModuleManager: Shutting down and abandoning module TakeTrackRecorders (526)
[2023.10.26-04.27.25:870][558]LogModuleManager: Shutting down and abandoning module TakesCore (524)
[2023.10.26-04.27.25:870][558]LogModuleManager: Shutting down and abandoning module OpenXRInput (522)
[2023.10.26-04.27.25:870][558]LogModuleManager: Shutting down and abandoning module MagicLeapMediaCodecFactory (520)
[2023.10.26-04.27.25:870][558]LogModuleManager: Shutting down and abandoning module MagicLeapMediaFactory (518)
[2023.10.26-04.27.25:870][558]LogModuleManager: Shutting down and abandoning module WebMMediaFactory (516)
[2023.10.26-04.27.25:870][558]LogModuleManager: Shutting down and abandoning module WebMMedia (514)
[2023.10.26-04.27.25:870][558]LogModuleManager: Shutting down and abandoning module WmfMediaFactory (512)
[2023.10.26-04.27.25:870][558]LogModuleManager: Shutting down and abandoning module OpenExrWrapper (510)
[2023.10.26-04.27.25:870][558]LogModuleManager: Shutting down and abandoning module ImgMediaFactory (508)
[2023.10.26-04.27.25:870][558]LogModuleManager: Shutting down and abandoning module AvfMediaFactory (506)
[2023.10.26-04.27.25:870][558]LogModuleManager: Shutting down and abandoning module SessionServices (504)
[2023.10.26-04.27.25:870][558]LogModuleManager: Shutting down and abandoning module MovieSceneCapture (502)
[2023.10.26-04.27.25:870][558]LogModuleManager: Shutting down and abandoning module LiveCoding (500)
[2023.10.26-04.27.25:870][558]LogModuleManager: Shutting down and abandoning module LevelSequence (498)
[2023.10.26-04.27.25:870][558]LogModuleManager: Shutting down and abandoning module MovieSceneTracks (496)
[2023.10.26-04.27.25:870][558]LogModuleManager: Shutting down and abandoning module MovieScene (494)
[2023.10.26-04.27.25:870][558]LogModuleManager: Shutting down and abandoning module StreamingPauseRendering (492)
[2023.10.26-04.27.25:870][558]LogModuleManager: Shutting down and abandoning module PortalServices (490)
[2023.10.26-04.27.25:870][558]LogModuleManager: Shutting down and abandoning module PortalRpc (488)
[2023.10.26-04.27.25:870][558]LogModuleManager: Shutting down and abandoning module MessagingRpc (486)
[2023.10.26-04.27.25:870][558]LogModuleManager: Shutting down and abandoning module AudioMixerXAudio2 (484)
[2023.10.26-04.27.25:870][558]LogModuleManager: Shutting down and abandoning module AudioMixerCore (483)
[2023.10.26-04.27.25:870][558]LogModuleManager: Shutting down and abandoning module ImageWriteQueue (480)
[2023.10.26-04.27.25:870][558]LogModuleManager: Shutting down and abandoning module ProfilerService (478)
